Log file open, 06/08/21 06:58:16
LogWindows: Failed to load 'aqProf.dll' (GetLastError=126)
LogWindows: File 'aqProf.dll' does not exist
LogWindows: Failed to load 'VtuneApi.dll' (GetLastError=126)
LogWindows: File 'VtuneApi.dll' does not exist
LogWindows: Failed to load 'VtuneApi32e.dll' (GetLastError=126)
LogWindows: File 'VtuneApi32e.dll' does not exist
LogConsoleResponse: Display: Failed to find resolution value strings in scalability ini. Falling back to default.
LogInit: Display: Running engine for game: StartGame
LogInit: Display: Project file not found: ../../../StartGame/StartGame.uproject
LogInit: Display: 	Attempting to find via project info helper.
LogUProjectInfo: Found projects:
LogPakFile: Registered encryption key '00000000000000000000000000000000': 0 pak files mounted, 0 remain pending
LogPakFile: Display: Found Pak file ../../../StartGame/Content/Paks/StartGame-WindowsNoEditor.pak attempting to mount.
LogPakFile: Display: Mounting pak file ../../../StartGame/Content/Paks/StartGame-WindowsNoEditor.pak.
LogPlatformFile: Not using cached read wrapper
LogTaskGraph: Started task graph with 5 named threads and 23 total threads with 3 sets of task threads.
LogStats: Stats thread started at 0.459153
LogICUInternationalization: ICU TimeZone Detection - Raw Offset: +10:00, Platform Override: ''
LogPluginManager: Mounting plugin Paper2D
LogPluginManager: Mounting plugin AISupport
LogPluginManager: Mounting plugin LightPropagationVolume
LogPluginManager: Mounting plugin AssetManagerEditor
LogPluginManager: Mounting plugin CryptoKeys
LogPluginManager: Mounting plugin FacialAnimation
LogPluginManager: Mounting plugin MeshEditor
LogPluginManager: Mounting plugin EditableMesh
LogPluginManager: Mounting plugin DatasmithContent
LogPluginManager: Mounting plugin VariantManagerContent
LogPluginManager: Mounting plugin AlembicImporter
LogPluginManager: Mounting plugin GeometryCache
LogPluginManager: Mounting plugin AppleImageUtils
LogPluginManager: Mounting plugin AppleVision
LogPluginManager: Mounting plugin BackChannel
LogPluginManager: Mounting plugin CharacterAI
LogPluginManager: Mounting plugin HTML5Networking
LogPluginManager: Mounting plugin AvfMedia
LogPluginManager: Mounting plugin ImgMedia
LogPluginManager: Mounting plugin LinearTimecode
LogPluginManager: Mounting plugin MediaCompositing
LogPluginManager: Mounting plugin WmfMedia
LogPluginManager: Mounting plugin TcpMessaging
LogPluginManager: Mounting plugin UdpMessaging
LogPluginManager: Mounting plugin ActorSequence
LogPluginManager: Mounting plugin NetcodeUnitTest
LogPluginManager: Mounting plugin NUTUnrealEngine4
LogPluginManager: Mounting plugin OnlineSubsystem
LogPluginManager: Mounting plugin OnlineSubsystemNull
LogPluginManager: Mounting plugin OnlineSubsystemUtils
LogPluginManager: Mounting plugin LauncherChunkInstaller
LogPluginManager: Mounting plugin AndroidPermission
LogPluginManager: Mounting plugin ArchVisCharacter
LogPluginManager: Mounting plugin CableComponent
LogPluginManager: Mounting plugin CustomMeshComponent
LogPluginManager: Mounting plugin ExampleDeviceProfileSelector
LogPluginManager: Mounting plugin LocationServicesBPLibrary
LogPluginManager: Mounting plugin MobilePatchingUtils
LogPluginManager: Mounting plugin OculusVR
LogPluginManager: Mounting plugin ProceduralMeshComponent
LogPluginManager: Mounting plugin PhysXVehicles
LogPluginManager: Mounting plugin RuntimePhysXCooking
LogPluginManager: Mounting plugin SteamVR
LogPluginManager: Mounting plugin WindowsMoviePlayer
LogStreaming: Display: Took  0.072s to configure plugins.
LogInit: Using libcurl 7.55.1-DEV
LogInit:  - built for i386-pc-win32
LogInit:  - supports SSL with OpenSSL/1.0.2g
LogInit:  - supports HTTP deflate (compression) using libz 1.2.8
LogInit:  - other features:
LogInit:      CURL_VERSION_SSL
LogInit:      CURL_VERSION_LIBZ
LogInit:      CURL_VERSION_IPV6
LogInit:      CURL_VERSION_ASYNCHDNS
LogInit:      CURL_VERSION_LARGEFILE
LogInit:      CURL_VERSION_IDN
LogInit:  CurlRequestOptions (configurable via config and command line):
LogInit:  - bVerifyPeer = true  - Libcurl will verify peer certificate
LogInit:  - bUseHttpProxy = false  - Libcurl will NOT use HTTP proxy
LogInit:  - bDontReuseConnections = false  - Libcurl will reuse connections
LogInit:  - MaxHostConnections = 16  - Libcurl will limit the number of connections to a host
LogInit:  - LocalHostAddr = Default
LogInit:  - BufferSize = 65536
LogInit: WinSock: version 1.1 (2.2), MaxSocks=32767, MaxUdp=65467
LogInit: Build: ++UE4+Release-4.21-CL-4753647
LogInit: Engine Version: 4.21.2-4753647+++UE4+Release-4.21
LogInit: Compatible Engine Version: 4.21.0-4541578+++UE4+Release-4.21
LogInit: Net CL: 4541578
LogInit: OS: Windows 10 (), CPU: AMD Ryzen 5 3550H with Radeon Vega Mobile Gfx  , GPU: AMD Radeon(TM) Vega 8 Graphics
LogInit: Compiled (32-bit): Jan 19 2019 02:21:35
LogInit: Compiled with Visual C++: 19.00.24215.01
LogInit: Build Configuration: Development
LogInit: Branch Name: ++UE4+Release-4.21
LogInit: Command Line: 
LogInit: Base Directory: C:/Users/ayasj/Google Drive/Plaque Blaster/Builds/Build - 0.2/WindowsNoEditor/Engine/Binaries/Win32/
LogInit: Installed Engine Build: 0
LogDevObjectVersion: Number of dev versions registered: 22
LogDevObjectVersion:   Dev-Blueprints (B0D832E4-1F89-4F0D-ACCF-7EB736FD4AA2): 10
LogDevObjectVersion:   Dev-Build (E1C64328-A22C-4D53-A36C-8E866417BD8C): 0
LogDevObjectVersion:   Dev-Core (375EC13C-06E4-48FB-B500-84F0262A717E): 2
LogDevObjectVersion:   Dev-Editor (E4B068ED-F494-42E9-A231-DA0B2E46BB41): 26
LogDevObjectVersion:   Dev-Framework (CFFC743F-43B0-4480-9391-14DF171D2073): 34
LogDevObjectVersion:   Dev-Mobile (B02B49B5-BB20-44E9-A304-32B752E40360): 2
LogDevObjectVersion:   Dev-Networking (A4E4105C-59A1-49B5-A7C5-40C4547EDFEE): 0
LogDevObjectVersion:   Dev-Online (39C831C9-5AE6-47DC-9A44-9C173E1C8E7C): 0
LogDevObjectVersion:   Dev-Physics (78F01B33-EBEA-4F98-B9B4-84EACCB95AA2): 0
LogDevObjectVersion:   Dev-Platform (6631380F-2D4D-43E0-8009-CF276956A95A): 0
LogDevObjectVersion:   Dev-Rendering (12F88B9F-8875-4AFC-A67C-D90C383ABD29): 27
LogDevObjectVersion:   Dev-Sequencer (7B5AE74C-D270-4C10-A958-57980B212A5A): 9
LogDevObjectVersion:   Dev-VR (D7296918-1DD6-4BDD-9DE2-64A83CC13884): 2
LogDevObjectVersion:   Dev-LoadTimes (C2A15278-BFE7-4AFE-6C17-90FF531DF755): 1
LogDevObjectVersion:   Private-Geometry (6EACA3D4-40EC-4CC1-B786-8BED09428FC5): 3
LogDevObjectVersion:   Dev-AnimPhys (29E575DD-E0A3-4627-9D10-D276232CDCEA): 17
LogDevObjectVersion:   Dev-Anim (AF43A65D-7FD3-4947-9873-3E8ED9C1BB05): 2
LogDevObjectVersion:   Dev-ReflectionCapture (6B266CEC-1EC7-4B8F-A30B-E4D90942FC07): 1
LogDevObjectVersion:   Dev-Automation (0DF73D61-A23F-47EA-B727-89E90C41499A): 1
LogDevObjectVersion:   FortniteMain (601D1886-AC64-4F84-AA16-D3DE0DEAC7D6): 17
LogDevObjectVersion:   Dev-Enterprise (9DFFBCD6-494F-0158-E221-12823C92A888): 4
LogDevObjectVersion:   Dev-Niagara (F2AED0AC-9AFE-416F-8664-AA7FFA26D6FC): 1
LogStreaming: Display: Took  0.001s to delete old logs.
LogInit: Presizing for max 2097152 objects, including 1 objects not considered by GC, pre-allocating 0 bytes for permanent pool.
LogStreaming: Display: Async Loading initialized: Event Driven Loader: true, Async Loading Thread: false, Async Post Load: true
LogInit: Object subsystem initialized
LogConfig: Setting CVar [[con.DebugEarlyDefault:1]]
LogConfig: Setting CVar [[r.setres:1280x720]]
[2021.06.07-20.58.16:826][  0]LogConfig: Setting CVar [[con.DebugEarlyDefault:1]]
[2021.06.07-20.58.16:826][  0]LogConfig: Setting CVar [[r.setres:1280x720]]
[2021.06.07-20.58.16:826][  0]LogConfig: Applying CVar settings from Section [/Script/Engine.RendererSettings] File [../../../StartGame/Saved/Config/WindowsNoEditor/Engine.ini]
[2021.06.07-20.58.16:826][  0]LogConfig: Setting CVar [[r.GPUCrashDebugging:0]]
[2021.06.07-20.58.16:826][  0]LogConfig: Setting CVar [[r.MobileHDR:1]]
[2021.06.07-20.58.16:826][  0]LogConfig: Setting CVar [[r.MobileNumDynamicPointLights:4]]
[2021.06.07-20.58.16:826][  0]LogConfig: Setting CVar [[r.MobileDynamicPointLightsUseStaticBranch:1]]
[2021.06.07-20.58.16:827][  0]LogConfig: Setting CVar [[r.AllowOcclusionQueries:1]]
[2021.06.07-20.58.16:827][  0]LogConfig: Setting CVar [[r.MinScreenRadiusForLights:0.030000]]
[2021.06.07-20.58.16:827][  0]LogConfig: Setting CVar [[r.MinScreenRadiusForDepthPrepass:0.030000]]
[2021.06.07-20.58.16:827][  0]LogConfig: Setting CVar [[r.PrecomputedVisibilityWarning:0]]
[2021.06.07-20.58.16:827][  0]LogConfig: Setting CVar [[r.TextureStreaming:1]]
[2021.06.07-20.58.16:827][  0]LogConfig: Setting CVar [[Compat.UseDXT5NormalMaps:0]]
[2021.06.07-20.58.16:827][  0]LogConfig: Setting CVar [[r.AllowStaticLighting:1]]
[2021.06.07-20.58.16:827][  0]LogConfig: Setting CVar [[r.NormalMapsForStaticLighting:0]]
[2021.06.07-20.58.16:827][  0]LogConfig: Setting CVar [[r.GenerateMeshDistanceFields:0]]
[2021.06.07-20.58.16:827][  0]LogConfig: Setting CVar [[r.GenerateLandscapeGIData:1]]
[2021.06.07-20.58.16:827][  0]LogConfig: Setting CVar [[r.TessellationAdaptivePixelsPerTriangle:48.000000]]
[2021.06.07-20.58.16:827][  0]LogConfig: Setting CVar [[r.SeparateTranslucency:1]]
[2021.06.07-20.58.16:827][  0]LogConfig: Setting CVar [[r.TranslucentSortPolicy:0]]
[2021.06.07-20.58.16:827][  0]LogConfig: Setting CVar [[r.CustomDepth:1]]
[2021.06.07-20.58.16:827][  0]LogConfig: Setting CVar [[r.DefaultFeature.Bloom:1]]
[2021.06.07-20.58.16:827][  0]LogConfig: Setting CVar [[r.DefaultFeature.AmbientOcclusion:1]]
[2021.06.07-20.58.16:827][  0]LogConfig: Setting CVar [[r.DefaultFeature.AmbientOcclusionStaticFraction:1]]
[2021.06.07-20.58.16:827][  0]LogConfig: Setting CVar [[r.DefaultFeature.AutoExposure:1]]
[2021.06.07-20.58.16:827][  0]LogConfig: Setting CVar [[r.DefaultFeature.MotionBlur:1]]
[2021.06.07-20.58.16:827][  0]LogConfig: Setting CVar [[r.DefaultFeature.LensFlare:1]]
[2021.06.07-20.58.16:827][  0]LogConfig: Setting CVar [[r.DefaultFeature.AntiAliasing:2]]
[2021.06.07-20.58.16:827][  0]LogConfig: Setting CVar [[r.EarlyZPass:3]]
[2021.06.07-20.58.16:827][  0]LogConfig: Setting CVar [[r.EarlyZPassMovable:0]]
[2021.06.07-20.58.16:827][  0]LogConfig: Setting CVar [[r.DBuffer:0]]
[2021.06.07-20.58.16:828][  0]LogConfig: Setting CVar [[r.ClearSceneMethod:1]]
[2021.06.07-20.58.16:828][  0]LogConfig: Setting CVar [[r.BasePassOutputsVelocity:0]]
[2021.06.07-20.58.16:828][  0]LogConfig: Setting CVar [[r.WireframeCullThreshold:5.000000]]
[2021.06.07-20.58.16:828][  0]LogConfig: Applying CVar settings from Section [/Script/Engine.RendererOverrideSettings] File [../../../StartGame/Saved/Config/WindowsNoEditor/Engine.ini]
[2021.06.07-20.58.16:828][  0]LogConfig: Applying CVar settings from Section [/Script/Engine.StreamingSettings] File [../../../StartGame/Saved/Config/WindowsNoEditor/Engine.ini]
[2021.06.07-20.58.16:828][  0]LogConfig: Setting CVar [[s.MinBulkDataSizeForAsyncLoading:131072]]
[2021.06.07-20.58.16:828][  0]LogConfig: Setting CVar [[s.AsyncLoadingThreadEnabled:0]]
[2021.06.07-20.58.16:828][  0]LogConfig: Setting CVar [[s.EventDrivenLoaderEnabled:1]]
[2021.06.07-20.58.16:828][  0]LogConfig: Setting CVar [[s.WarnIfTimeLimitExceeded:0]]
[2021.06.07-20.58.16:828][  0]LogConfig: Setting CVar [[s.TimeLimitExceededMultiplier:1.5]]
[2021.06.07-20.58.16:828][  0]LogConfig: Setting CVar [[s.TimeLimitExceededMinTime:0.005]]
[2021.06.07-20.58.16:828][  0]LogConfig: Setting CVar [[s.UseBackgroundLevelStreaming:1]]
[2021.06.07-20.58.16:828][  0]LogConfig: Setting CVar [[s.PriorityAsyncLoadingExtraTime:15.0]]
[2021.06.07-20.58.16:828][  0]LogConfig: Setting CVar [[s.LevelStreamingActorsUpdateTimeLimit:5.0]]
[2021.06.07-20.58.16:828][  0]LogConfig: Setting CVar [[s.PriorityLevelStreamingActorsUpdateExtraTime:5.0]]
[2021.06.07-20.58.16:828][  0]LogConfig: Setting CVar [[s.LevelStreamingComponentsRegistrationGranularity:10]]
[2021.06.07-20.58.16:828][  0]LogConfig: Setting CVar [[s.UnregisterComponentsTimeLimit:1.0]]
[2021.06.07-20.58.16:828][  0]LogConfig: Setting CVar [[s.LevelStreamingComponentsUnregistrationGranularity:5]]
[2021.06.07-20.58.16:828][  0]LogConfig: Applying CVar settings from Section [/Script/Engine.GarbageCollectionSettings] File [../../../StartGame/Saved/Config/WindowsNoEditor/Engine.ini]
[2021.06.07-20.58.16:828][  0]LogConfig: Setting CVar [[gc.MaxObjectsNotConsideredByGC:1]]
[2021.06.07-20.58.16:828][  0]LogConfig: Setting CVar [[gc.SizeOfPermanentObjectPool:0]]
[2021.06.07-20.58.16:828][  0]LogConfig: Setting CVar [[gc.FlushStreamingOnGC:0]]
[2021.06.07-20.58.16:828][  0]LogConfig: Setting CVar [[gc.NumRetriesBeforeForcingGC:10]]
[2021.06.07-20.58.16:828][  0]LogConfig: Setting CVar [[gc.AllowParallelGC:1]]
[2021.06.07-20.58.16:828][  0]LogConfig: Setting CVar [[gc.TimeBetweenPurgingPendingKillObjects:61.1]]
[2021.06.07-20.58.16:828][  0]LogConfig: Setting CVar [[gc.MaxObjectsInEditor:8388607]]
[2021.06.07-20.58.16:828][  0]LogConfig: Setting CVar [[gc.IncrementalBeginDestroyEnabled:1]]
[2021.06.07-20.58.16:828][  0]LogConfig: Setting CVar [[gc.CreateGCClusters:1]]
[2021.06.07-20.58.16:828][  0]LogConfig: Setting CVar [[gc.MergeGCClusters:0]]
[2021.06.07-20.58.16:828][  0]LogConfig: Setting CVar [[gc.MinGCClusterSize:5]]
[2021.06.07-20.58.16:829][  0]LogConfig: Setting CVar [[gc.ActorClusteringEnabled:0]]
[2021.06.07-20.58.16:829][  0]LogConfig: Setting CVar [[gc.BlueprintClusteringEnabled:0]]
[2021.06.07-20.58.16:829][  0]LogConfig: Setting CVar [[gc.UseDisregardForGCOnDedicatedServers:0]]
[2021.06.07-20.58.16:829][  0]LogConfig: Applying CVar settings from Section [/Script/Engine.NetworkSettings] File [../../../StartGame/Saved/Config/WindowsNoEditor/Engine.ini]
[2021.06.07-20.58.16:832][  0]LogConfig: Applying CVar settings from Section [ViewDistanceQuality@3] File [../../../StartGame/Saved/Config/WindowsNoEditor/Scalability.ini]
[2021.06.07-20.58.16:832][  0]LogConfig: Setting CVar [[r.SkeletalMeshLODBias:0]]
[2021.06.07-20.58.16:832][  0]LogConfig: Setting CVar [[r.ViewDistanceScale:1.0]]
[2021.06.07-20.58.16:832][  0]LogConfig: Applying CVar settings from Section [AntiAliasingQuality@3] File [../../../StartGame/Saved/Config/WindowsNoEditor/Scalability.ini]
[2021.06.07-20.58.16:832][  0]LogConfig: Setting CVar [[r.PostProcessAAQuality:4]]
[2021.06.07-20.58.16:832][  0]LogConfig: Applying CVar settings from Section [ShadowQuality@3] File [../../../StartGame/Saved/Config/WindowsNoEditor/Scalability.ini]
[2021.06.07-20.58.16:832][  0]LogConfig: Setting CVar [[r.LightFunctionQuality:1]]
[2021.06.07-20.58.16:832][  0]LogConfig: Setting CVar [[r.ShadowQuality:5]]
[2021.06.07-20.58.16:832][  0]LogConfig: Setting CVar [[r.Shadow.CSM.MaxCascades:10]]
[2021.06.07-20.58.16:832][  0]LogConfig: Setting CVar [[r.Shadow.MaxResolution:2048]]
[2021.06.07-20.58.16:832][  0]LogConfig: Setting CVar [[r.Shadow.MaxCSMResolution:2048]]
[2021.06.07-20.58.16:832][  0]LogConfig: Setting CVar [[r.Shadow.RadiusThreshold:0.01]]
[2021.06.07-20.58.16:832][  0]LogConfig: Setting CVar [[r.Shadow.DistanceScale:1.0]]
[2021.06.07-20.58.16:832][  0]LogConfig: Setting CVar [[r.Shadow.CSM.TransitionScale:1.0]]
[2021.06.07-20.58.16:832][  0]LogConfig: Setting CVar [[r.Shadow.PreShadowResolutionFactor:1.0]]
[2021.06.07-20.58.16:832][  0]LogConfig: Setting CVar [[r.DistanceFieldShadowing:1]]
[2021.06.07-20.58.16:832][  0]LogConfig: Setting CVar [[r.DistanceFieldAO:1]]
[2021.06.07-20.58.16:832][  0]LogConfig: Setting CVar [[r.AOQuality:2]]
[2021.06.07-20.58.16:832][  0]LogConfig: Setting CVar [[r.VolumetricFog:1]]
[2021.06.07-20.58.16:832][  0]LogConfig: Setting CVar [[r.VolumetricFog.GridPixelSize:8]]
[2021.06.07-20.58.16:832][  0]LogConfig: Setting CVar [[r.VolumetricFog.GridSizeZ:128]]
[2021.06.07-20.58.16:832][  0]LogConfig: Setting CVar [[r.VolumetricFog.HistoryMissSupersampleCount:4]]
[2021.06.07-20.58.16:832][  0]LogConfig: Setting CVar [[r.LightMaxDrawDistanceScale:1]]
[2021.06.07-20.58.16:832][  0]LogConfig: Setting CVar [[r.CapsuleShadows:1]]
[2021.06.07-20.58.16:832][  0]LogConfig: Applying CVar settings from Section [PostProcessQuality@3] File [../../../StartGame/Saved/Config/WindowsNoEditor/Scalability.ini]
[2021.06.07-20.58.16:832][  0]LogConfig: Setting CVar [[r.MotionBlurQuality:4]]
[2021.06.07-20.58.16:832][  0]LogConfig: Setting CVar [[r.AmbientOcclusionMipLevelFactor:0.4]]
[2021.06.07-20.58.16:833][  0]LogConfig: Setting CVar [[r.AmbientOcclusionMaxQuality:100]]
[2021.06.07-20.58.16:833][  0]LogConfig: Setting CVar [[r.AmbientOcclusionLevels:-1]]
[2021.06.07-20.58.16:833][  0]LogConfig: Setting CVar [[r.AmbientOcclusionRadiusScale:1.0]]
[2021.06.07-20.58.16:833][  0]LogConfig: Setting CVar [[r.DepthOfFieldQuality:2]]
[2021.06.07-20.58.16:833][  0]LogConfig: Setting CVar [[r.RenderTargetPoolMin:400]]
[2021.06.07-20.58.16:833][  0]LogConfig: Setting CVar [[r.LensFlareQuality:2]]
[2021.06.07-20.58.16:833][  0]LogConfig: Setting CVar [[r.SceneColorFringeQuality:1]]
[2021.06.07-20.58.16:833][  0]LogConfig: Setting CVar [[r.EyeAdaptationQuality:2]]
[2021.06.07-20.58.16:833][  0]LogConfig: Setting CVar [[r.BloomQuality:5]]
[2021.06.07-20.58.16:833][  0]LogConfig: Setting CVar [[r.FastBlurThreshold:100]]
[2021.06.07-20.58.16:833][  0]LogConfig: Setting CVar [[r.Upscale.Quality:3]]
[2021.06.07-20.58.16:833][  0]LogConfig: Setting CVar [[r.Tonemapper.GrainQuantization:1]]
[2021.06.07-20.58.16:833][  0]LogConfig: Setting CVar [[r.LightShaftQuality:1]]
[2021.06.07-20.58.16:833][  0]LogConfig: Setting CVar [[r.Filter.SizeScale:1]]
[2021.06.07-20.58.16:833][  0]LogConfig: Setting CVar [[r.Tonemapper.Quality:5]]
[2021.06.07-20.58.16:833][  0]LogConfig: Setting CVar [[r.DOF.Gather.AccumulatorQuality:1        ; higher gathering accumulator quality]]
[2021.06.07-20.58.16:833][  0]LogConfig: Setting CVar [[r.DOF.Gather.PostfilterMethod:1          ; Median3x3 postfilering method]]
[2021.06.07-20.58.16:833][  0]LogConfig: Setting CVar [[r.DOF.Gather.EnableBokehSettings:0       ; no bokeh simulation when gathering]]
[2021.06.07-20.58.16:833][  0]LogConfig: Setting CVar [[r.DOF.Gather.RingCount:4                 ; medium number of samples when gathering]]
[2021.06.07-20.58.16:833][  0]LogConfig: Setting CVar [[r.DOF.Scatter.ForegroundCompositing:1    ; additive foreground scattering]]
[2021.06.07-20.58.16:833][  0]LogConfig: Setting CVar [[r.DOF.Scatter.BackgroundCompositing:2    ; additive background scattering]]
[2021.06.07-20.58.16:833][  0]LogConfig: Setting CVar [[r.DOF.Scatter.EnableBokehSettings:1      ; bokeh simulation when scattering]]
[2021.06.07-20.58.16:833][  0]LogConfig: Setting CVar [[r.DOF.Scatter.MaxSpriteRatio:0.1         ; only a maximum of 10% of scattered bokeh]]
[2021.06.07-20.58.16:833][  0]LogConfig: Setting CVar [[r.DOF.Recombine.Quality:1                ; cheap slight out of focus]]
[2021.06.07-20.58.16:833][  0]LogConfig: Setting CVar [[r.DOF.Recombine.EnableBokehSettings:0    ; no bokeh simulation on slight out of focus]]
[2021.06.07-20.58.16:833][  0]LogConfig: Setting CVar [[r.DOF.TemporalAAQuality:1                ; more stable temporal accumulation]]
[2021.06.07-20.58.16:833][  0]LogConfig: Setting CVar [[r.DOF.Kernel.MaxForegroundRadius:0.025]]
[2021.06.07-20.58.16:833][  0]LogConfig: Setting CVar [[r.DOF.Kernel.MaxBackgroundRadius:0.025]]
[2021.06.07-20.58.16:833][  0]LogConfig: Applying CVar settings from Section [TextureQuality@3] File [../../../StartGame/Saved/Config/WindowsNoEditor/Scalability.ini]
[2021.06.07-20.58.16:833][  0]LogConfig: Setting CVar [[r.Streaming.MipBias:0]]
[2021.06.07-20.58.16:833][  0]LogConfig: Setting CVar [[r.Streaming.AmortizeCPUToGPUCopy:0]]
[2021.06.07-20.58.16:833][  0]LogConfig: Setting CVar [[r.Streaming.MaxNumTexturesToStreamPerFrame:0]]
[2021.06.07-20.58.16:833][  0]LogConfig: Setting CVar [[r.Streaming.Boost:1]]
[2021.06.07-20.58.16:833][  0]LogConfig: Setting CVar [[r.MaxAnisotropy:8]]
[2021.06.07-20.58.16:833][  0]LogConfig: Setting CVar [[r.Streaming.LimitPoolSizeToVRAM:0]]
[2021.06.07-20.58.16:833][  0]LogConfig: Setting CVar [[r.Streaming.PoolSize:1000]]
[2021.06.07-20.58.16:833][  0]LogConfig: Setting CVar [[r.Streaming.MaxEffectiveScreenSize:0]]
[2021.06.07-20.58.16:833][  0]LogConfig: Applying CVar settings from Section [EffectsQuality@3] File [../../../StartGame/Saved/Config/WindowsNoEditor/Scalability.ini]
[2021.06.07-20.58.16:833][  0]LogConfig: Setting CVar [[r.TranslucencyLightingVolumeDim:64]]
[2021.06.07-20.58.16:833][  0]LogConfig: Setting CVar [[r.RefractionQuality:2]]
[2021.06.07-20.58.16:833][  0]LogConfig: Setting CVar [[r.SSR.Quality:3]]
[2021.06.07-20.58.16:834][  0]LogConfig: Setting CVar [[r.SceneColorFormat:4]]
[2021.06.07-20.58.16:834][  0]LogConfig: Setting CVar [[r.DetailMode:2]]
[2021.06.07-20.58.16:834][  0]LogConfig: Setting CVar [[r.TranslucencyVolumeBlur:1]]
[2021.06.07-20.58.16:834][  0]LogConfig: Setting CVar [[r.MaterialQualityLevel:1 ; High quality]]
[2021.06.07-20.58.16:834][  0]LogConfig: Setting CVar [[r.SSS.Scale:1]]
[2021.06.07-20.58.16:834][  0]LogConfig: Setting CVar [[r.SSS.SampleSet:2]]
[2021.06.07-20.58.16:834][  0]LogConfig: Setting CVar [[r.SSS.Quality:1]]
[2021.06.07-20.58.16:834][  0]LogConfig: Setting CVar [[r.SSS.HalfRes:1]]
[2021.06.07-20.58.16:834][  0]LogConfig: Setting CVar [[r.EmitterSpawnRateScale:1.0]]
[2021.06.07-20.58.16:834][  0]LogConfig: Setting CVar [[r.ParticleLightQuality:2]]
[2021.06.07-20.58.16:834][  0]LogConfig: Applying CVar settings from Section [FoliageQuality@3] File [../../../StartGame/Saved/Config/WindowsNoEditor/Scalability.ini]
[2021.06.07-20.58.16:834][  0]LogConfig: Setting CVar [[foliage.DensityScale:1.0]]
[2021.06.07-20.58.16:834][  0]LogConfig: Setting CVar [[grass.DensityScale:1.0]]
[2021.06.07-20.58.16:834][  0]LogInit: Selected Device Profile: [WindowsNoEditor]
[2021.06.07-20.58.16:834][  0]LogInit: Applying CVar settings loaded from the selected device profile: [WindowsNoEditor]
[2021.06.07-20.58.16:840][  0]LogHAL: Display: Platform has ~ 16 GB [16979845120 / 17179869184 / 16], which maps to Larger [LargestMinGB=32, LargerMinGB=12, DefaultMinGB=8, SmallerMinGB=6, SmallestMinGB=0)
[2021.06.07-20.58.16:840][  0]LogInit: Going up to parent DeviceProfile [Windows]
[2021.06.07-20.58.16:840][  0]LogConfig: Setting CVar [[r.Vulkan.UseRealUBs:1]]
[2021.06.07-20.58.16:840][  0]LogInit: Going up to parent DeviceProfile []
[2021.06.07-20.58.16:841][  0]LogConfig: Applying CVar settings from Section [ViewDistanceQuality@3] File [../../../StartGame/Saved/Config/WindowsNoEditor/Scalability.ini]
[2021.06.07-20.58.16:841][  0]LogConfig: Setting CVar [[r.SkeletalMeshLODBias:0]]
[2021.06.07-20.58.16:841][  0]LogConfig: Setting CVar [[r.ViewDistanceScale:1.0]]
[2021.06.07-20.58.16:841][  0]LogConfig: Applying CVar settings from Section [AntiAliasingQuality@3] File [../../../StartGame/Saved/Config/WindowsNoEditor/Scalability.ini]
[2021.06.07-20.58.16:841][  0]LogConfig: Setting CVar [[r.PostProcessAAQuality:4]]
[2021.06.07-20.58.16:841][  0]LogConfig: Applying CVar settings from Section [ShadowQuality@3] File [../../../StartGame/Saved/Config/WindowsNoEditor/Scalability.ini]
[2021.06.07-20.58.16:841][  0]LogConfig: Setting CVar [[r.LightFunctionQuality:1]]
[2021.06.07-20.58.16:841][  0]LogConfig: Setting CVar [[r.ShadowQuality:5]]
[2021.06.07-20.58.16:841][  0]LogConfig: Setting CVar [[r.Shadow.CSM.MaxCascades:10]]
[2021.06.07-20.58.16:841][  0]LogConfig: Setting CVar [[r.Shadow.MaxResolution:2048]]
[2021.06.07-20.58.16:841][  0]LogConfig: Setting CVar [[r.Shadow.MaxCSMResolution:2048]]
[2021.06.07-20.58.16:841][  0]LogConfig: Setting CVar [[r.Shadow.RadiusThreshold:0.01]]
[2021.06.07-20.58.16:841][  0]LogConfig: Setting CVar [[r.Shadow.DistanceScale:1.0]]
[2021.06.07-20.58.16:841][  0]LogConfig: Setting CVar [[r.Shadow.CSM.TransitionScale:1.0]]
[2021.06.07-20.58.16:841][  0]LogConfig: Setting CVar [[r.Shadow.PreShadowResolutionFactor:1.0]]
[2021.06.07-20.58.16:841][  0]LogConfig: Setting CVar [[r.DistanceFieldShadowing:1]]
[2021.06.07-20.58.16:841][  0]LogConfig: Setting CVar [[r.DistanceFieldAO:1]]
[2021.06.07-20.58.16:841][  0]LogConfig: Setting CVar [[r.AOQuality:2]]
[2021.06.07-20.58.16:841][  0]LogConfig: Setting CVar [[r.VolumetricFog:1]]
[2021.06.07-20.58.16:841][  0]LogConfig: Setting CVar [[r.VolumetricFog.GridPixelSize:8]]
[2021.06.07-20.58.16:841][  0]LogConfig: Setting CVar [[r.VolumetricFog.GridSizeZ:128]]
[2021.06.07-20.58.16:841][  0]LogConfig: Setting CVar [[r.VolumetricFog.HistoryMissSupersampleCount:4]]
[2021.06.07-20.58.16:841][  0]LogConfig: Setting CVar [[r.LightMaxDrawDistanceScale:1]]
[2021.06.07-20.58.16:841][  0]LogConfig: Setting CVar [[r.CapsuleShadows:1]]
[2021.06.07-20.58.16:841][  0]LogConfig: Applying CVar settings from Section [PostProcessQuality@3] File [../../../StartGame/Saved/Config/WindowsNoEditor/Scalability.ini]
[2021.06.07-20.58.16:841][  0]LogConfig: Setting CVar [[r.MotionBlurQuality:4]]
[2021.06.07-20.58.16:841][  0]LogConfig: Setting CVar [[r.AmbientOcclusionMipLevelFactor:0.4]]
[2021.06.07-20.58.16:841][  0]LogConfig: Setting CVar [[r.AmbientOcclusionMaxQuality:100]]
[2021.06.07-20.58.16:841][  0]LogConfig: Setting CVar [[r.AmbientOcclusionLevels:-1]]
[2021.06.07-20.58.16:841][  0]LogConfig: Setting CVar [[r.AmbientOcclusionRadiusScale:1.0]]
[2021.06.07-20.58.16:841][  0]LogConfig: Setting CVar [[r.DepthOfFieldQuality:2]]
[2021.06.07-20.58.16:841][  0]LogConfig: Setting CVar [[r.RenderTargetPoolMin:400]]
[2021.06.07-20.58.16:841][  0]LogConfig: Setting CVar [[r.LensFlareQuality:2]]
[2021.06.07-20.58.16:841][  0]LogConfig: Setting CVar [[r.SceneColorFringeQuality:1]]
[2021.06.07-20.58.16:841][  0]LogConfig: Setting CVar [[r.EyeAdaptationQuality:2]]
[2021.06.07-20.58.16:841][  0]LogConfig: Setting CVar [[r.BloomQuality:5]]
[2021.06.07-20.58.16:841][  0]LogConfig: Setting CVar [[r.FastBlurThreshold:100]]
[2021.06.07-20.58.16:841][  0]LogConfig: Setting CVar [[r.Upscale.Quality:3]]
[2021.06.07-20.58.16:841][  0]LogConfig: Setting CVar [[r.Tonemapper.GrainQuantization:1]]
[2021.06.07-20.58.16:842][  0]LogConfig: Setting CVar [[r.LightShaftQuality:1]]
[2021.06.07-20.58.16:842][  0]LogConfig: Setting CVar [[r.Filter.SizeScale:1]]
[2021.06.07-20.58.16:842][  0]LogConfig: Setting CVar [[r.Tonemapper.Quality:5]]
[2021.06.07-20.58.16:842][  0]LogConfig: Setting CVar [[r.DOF.Gather.AccumulatorQuality:1        ; higher gathering accumulator quality]]
[2021.06.07-20.58.16:842][  0]LogConfig: Setting CVar [[r.DOF.Gather.PostfilterMethod:1          ; Median3x3 postfilering method]]
[2021.06.07-20.58.16:842][  0]LogConfig: Setting CVar [[r.DOF.Gather.EnableBokehSettings:0       ; no bokeh simulation when gathering]]
[2021.06.07-20.58.16:842][  0]LogConfig: Setting CVar [[r.DOF.Gather.RingCount:4                 ; medium number of samples when gathering]]
[2021.06.07-20.58.16:842][  0]LogConfig: Setting CVar [[r.DOF.Scatter.ForegroundCompositing:1    ; additive foreground scattering]]
[2021.06.07-20.58.16:842][  0]LogConfig: Setting CVar [[r.DOF.Scatter.BackgroundCompositing:2    ; additive background scattering]]
[2021.06.07-20.58.16:842][  0]LogConfig: Setting CVar [[r.DOF.Scatter.EnableBokehSettings:1      ; bokeh simulation when scattering]]
[2021.06.07-20.58.16:842][  0]LogConfig: Setting CVar [[r.DOF.Scatter.MaxSpriteRatio:0.1         ; only a maximum of 10% of scattered bokeh]]
[2021.06.07-20.58.16:842][  0]LogConfig: Setting CVar [[r.DOF.Recombine.Quality:1                ; cheap slight out of focus]]
[2021.06.07-20.58.16:842][  0]LogConfig: Setting CVar [[r.DOF.Recombine.EnableBokehSettings:0    ; no bokeh simulation on slight out of focus]]
[2021.06.07-20.58.16:842][  0]LogConfig: Setting CVar [[r.DOF.TemporalAAQuality:1                ; more stable temporal accumulation]]
[2021.06.07-20.58.16:842][  0]LogConfig: Setting CVar [[r.DOF.Kernel.MaxForegroundRadius:0.025]]
[2021.06.07-20.58.16:842][  0]LogConfig: Setting CVar [[r.DOF.Kernel.MaxBackgroundRadius:0.025]]
[2021.06.07-20.58.16:842][  0]LogConfig: Applying CVar settings from Section [TextureQuality@3] File [../../../StartGame/Saved/Config/WindowsNoEditor/Scalability.ini]
[2021.06.07-20.58.16:842][  0]LogConfig: Setting CVar [[r.Streaming.MipBias:0]]
[2021.06.07-20.58.16:842][  0]LogConfig: Setting CVar [[r.Streaming.AmortizeCPUToGPUCopy:0]]
[2021.06.07-20.58.16:842][  0]LogConfig: Setting CVar [[r.Streaming.MaxNumTexturesToStreamPerFrame:0]]
[2021.06.07-20.58.16:842][  0]LogConfig: Setting CVar [[r.Streaming.Boost:1]]
[2021.06.07-20.58.16:842][  0]LogConfig: Setting CVar [[r.MaxAnisotropy:8]]
[2021.06.07-20.58.16:842][  0]LogConfig: Setting CVar [[r.Streaming.LimitPoolSizeToVRAM:0]]
[2021.06.07-20.58.16:842][  0]LogConfig: Setting CVar [[r.Streaming.PoolSize:1000]]
[2021.06.07-20.58.16:842][  0]LogConfig: Setting CVar [[r.Streaming.MaxEffectiveScreenSize:0]]
[2021.06.07-20.58.16:842][  0]LogConfig: Applying CVar settings from Section [EffectsQuality@3] File [../../../StartGame/Saved/Config/WindowsNoEditor/Scalability.ini]
[2021.06.07-20.58.16:842][  0]LogConfig: Setting CVar [[r.TranslucencyLightingVolumeDim:64]]
[2021.06.07-20.58.16:842][  0]LogConfig: Setting CVar [[r.RefractionQuality:2]]
[2021.06.07-20.58.16:842][  0]LogConfig: Setting CVar [[r.SSR.Quality:3]]
[2021.06.07-20.58.16:842][  0]LogConfig: Setting CVar [[r.SceneColorFormat:4]]
[2021.06.07-20.58.16:842][  0]LogConfig: Setting CVar [[r.DetailMode:2]]
[2021.06.07-20.58.16:842][  0]LogConfig: Setting CVar [[r.TranslucencyVolumeBlur:1]]
[2021.06.07-20.58.16:842][  0]LogConfig: Setting CVar [[r.MaterialQualityLevel:1 ; High quality]]
[2021.06.07-20.58.16:842][  0]LogConfig: Setting CVar [[r.SSS.Scale:1]]
[2021.06.07-20.58.16:842][  0]LogConfig: Setting CVar [[r.SSS.SampleSet:2]]
[2021.06.07-20.58.16:842][  0]LogConfig: Setting CVar [[r.SSS.Quality:1]]
[2021.06.07-20.58.16:842][  0]LogConfig: Setting CVar [[r.SSS.HalfRes:1]]
[2021.06.07-20.58.16:842][  0]LogConfig: Setting CVar [[r.EmitterSpawnRateScale:1.0]]
[2021.06.07-20.58.16:842][  0]LogConfig: Setting CVar [[r.ParticleLightQuality:2]]
[2021.06.07-20.58.16:842][  0]LogConfig: Applying CVar settings from Section [FoliageQuality@3] File [../../../StartGame/Saved/Config/WindowsNoEditor/Scalability.ini]
[2021.06.07-20.58.16:843][  0]LogConfig: Setting CVar [[foliage.DensityScale:1.0]]
[2021.06.07-20.58.16:843][  0]LogConfig: Setting CVar [[grass.DensityScale:1.0]]
[2021.06.07-20.58.16:843][  0]LogConfig: Applying CVar settings from Section [Startup] File [../../../Engine/Config/ConsoleVariables.ini]
[2021.06.07-20.58.16:843][  0]LogConfig: Setting CVar [[net.UseAdaptiveNetUpdateFrequency:0]]
[2021.06.07-20.58.16:843][  0]LogConfig: Applying CVar settings from Section [ConsoleVariables] File [../../../StartGame/Saved/Config/WindowsNoEditor/Engine.ini]
[2021.06.07-20.58.16:843][  0]LogInit: Computer: ATLASSI
[2021.06.07-20.58.16:843][  0]LogInit: User: ayasj
[2021.06.07-20.58.16:843][  0]LogInit: CPU Page size=4096, Cores=4
[2021.06.07-20.58.16:843][  0]LogInit: High frequency timer resolution =10.000000 MHz
[2021.06.07-20.58.16:843][  0]LogMemory: Memory total: Physical=15.8GB (16GB approx) Virtual=4.0GB
[2021.06.07-20.58.16:843][  0]LogMemory: Platform Memory Stats for WindowsNoEditor
[2021.06.07-20.58.16:843][  0]LogMemory: Process Physical Memory: 51.84 MB used, 51.84 MB peak
[2021.06.07-20.58.16:843][  0]LogMemory: Process Virtual Memory: 63.62 MB used, 63.62 MB peak
[2021.06.07-20.58.16:843][  0]LogMemory: Physical Memory: 6656.09 MB used,  9537.16 MB free, 16193.24 MB total
[2021.06.07-20.58.16:843][  0]LogMemory: Virtual Memory: 292.44 MB used,  3803.44 MB free, 4095.88 MB total
[2021.06.07-20.58.16:948][  0]LogInit: Using OS detected language (en-US).
[2021.06.07-20.58.16:949][  0]LogInit: Using OS detected locale (en-AU).
[2021.06.07-20.58.16:949][  0]LogTextLocalizationManager: No specific localization for 'en-US' exists, so the 'en' localization will be used.
[2021.06.07-20.58.16:982][  0]LogStreaming: Display: Took  0.034s to InitEngineTextLocalization.
[2021.06.07-20.58.17:024][  0]LogSlate: New Slate User Created.  User Index 0, Is Virtual User: 0
[2021.06.07-20.58.17:024][  0]LogSlate: Slate User Registered.  User Index 0, Is Virtual User: 0
[2021.06.07-20.58.17:030][  0]LogHMD: Failed to initialize OpenVR with code 110
[2021.06.07-20.58.17:030][  0]LogD3D11RHI: D3D11 adapters:
[2021.06.07-20.58.17:135][  0]LogD3D11RHI:    0. 'NVIDIA GeForce GTX 1650' (Feature Level 11_0)
[2021.06.07-20.58.17:135][  0]LogD3D11RHI:       3072/0/1023 MB DedicatedVideo/DedicatedSystem/SharedSystem, Outputs:1, VendorId:0x10de
[2021.06.07-20.58.17:177][  0]LogD3D11RHI:    1. 'AMD Radeon(TM) Vega 8 Graphics' (Feature Level 11_0)
[2021.06.07-20.58.17:177][  0]LogD3D11RHI:       113/0/3982 MB DedicatedVideo/DedicatedSystem/SharedSystem, Outputs:1, VendorId:0x1002
[2021.06.07-20.58.17:180][  0]LogD3D11RHI:    2. 'Microsoft Basic Render Driver' (Feature Level 11_0)
[2021.06.07-20.58.17:180][  0]LogD3D11RHI:       0/0/4095 MB DedicatedVideo/DedicatedSystem/SharedSystem, Outputs:0, VendorId:0x1414
[2021.06.07-20.58.17:180][  0]LogD3D11RHI: Chosen D3D11 Adapter: 0
[2021.06.07-20.58.17:197][  0]LogD3D11RHI: Creating new Direct3DDevice
[2021.06.07-20.58.17:197][  0]LogD3D11RHI:     GPU DeviceId: 0x1f91 (for the marketing name, search the web for "GPU Device Id")
[2021.06.07-20.58.17:197][  0]LogWindows: EnumDisplayDevices:
[2021.06.07-20.58.17:197][  0]LogWindows:    0. 'AMD Radeon(TM) Vega 8 Graphics' (P:0 D:1)
[2021.06.07-20.58.17:198][  0]LogWindows:    1. 'AMD Radeon(TM) Vega 8 Graphics' (P:0 D:0)
[2021.06.07-20.58.17:198][  0]LogWindows:    2. 'AMD Radeon(TM) Vega 8 Graphics' (P:0 D:0)
[2021.06.07-20.58.17:198][  0]LogWindows:    3. 'NVIDIA GeForce GTX 1650' (P:1 D:1)
[2021.06.07-20.58.17:199][  0]LogWindows: DebugString: PrimaryIsNotTheChoosenAdapter PrimaryIsNotTheChoosenAdapter PrimaryIsNotTheChoosenAdapter 
[2021.06.07-20.58.17:199][  0]LogD3D11RHI:     Adapter Name: NVIDIA GeForce GTX 1650
[2021.06.07-20.58.17:199][  0]LogD3D11RHI:   Driver Version: 466.27 (internal:27.21.14.6627, unified:466.27)
[2021.06.07-20.58.17:199][  0]LogD3D11RHI:      Driver Date: 4-23-2021
[2021.06.07-20.58.17:199][  0]LogRHI: Texture pool is 716 MB (70% of 1024 MB)
[2021.06.07-20.58.17:269][  0]LogD3D11RHI: Async texture creation enabled
[2021.06.07-20.58.17:287][  0]LogD3D11RHI: GPU Timing Frequency: 1000.000000 (Debug: 2 1)
[2021.06.07-20.58.17:291][  0]LogShaderLibrary: Display: Failed to load Shared Shader Library: Global and no native library supported.
[2021.06.07-20.58.17:291][  0]LogShaderLibrary: Display: Failed to load Shared Shader Library: Global_SC and no native library supported.
[2021.06.07-20.58.17:291][  0]LogShaderLibrary: Display: Failed to load Shared Shader Library: Paper2D and no native library supported.
[2021.06.07-20.58.17:291][  0]LogShaderLibrary: Display: Failed to load Shared Shader Library: Paper2D_SC and no native library supported.
[2021.06.07-20.58.17:291][  0]LogShaderLibrary: Display: Failed to load Shared Shader Library: Paper2D and no native library supported.
[2021.06.07-20.58.17:291][  0]LogShaderLibrary: Display: Failed to load Shared Shader Library: Paper2D_SC and no native library supported.
[2021.06.07-20.58.17:291][  0]LogShaderLibrary: Display: Failed to load Shared Shader Library: CryptoKeys and no native library supported.
[2021.06.07-20.58.17:291][  0]LogShaderLibrary: Display: Failed to load Shared Shader Library: CryptoKeys_SC and no native library supported.
[2021.06.07-20.58.17:292][  0]LogShaderLibrary: Display: Failed to load Shared Shader Library: CryptoKeys and no native library supported.
[2021.06.07-20.58.17:292][  0]LogShaderLibrary: Display: Failed to load Shared Shader Library: CryptoKeys_SC and no native library supported.
[2021.06.07-20.58.17:292][  0]LogShaderLibrary: Display: Failed to load Shared Shader Library: MeshEditor and no native library supported.
[2021.06.07-20.58.17:292][  0]LogShaderLibrary: Display: Failed to load Shared Shader Library: MeshEditor_SC and no native library supported.
[2021.06.07-20.58.17:292][  0]LogShaderLibrary: Display: Failed to load Shared Shader Library: MeshEditor and no native library supported.
[2021.06.07-20.58.17:292][  0]LogShaderLibrary: Display: Failed to load Shared Shader Library: MeshEditor_SC and no native library supported.
[2021.06.07-20.58.17:292][  0]LogShaderLibrary: Display: Failed to load Shared Shader Library: DatasmithContent and no native library supported.
[2021.06.07-20.58.17:292][  0]LogShaderLibrary: Display: Failed to load Shared Shader Library: DatasmithContent_SC and no native library supported.
[2021.06.07-20.58.17:292][  0]LogShaderLibrary: Display: Failed to load Shared Shader Library: DatasmithContent and no native library supported.
[2021.06.07-20.58.17:292][  0]LogShaderLibrary: Display: Failed to load Shared Shader Library: DatasmithContent_SC and no native library supported.
[2021.06.07-20.58.17:292][  0]LogShaderLibrary: Display: Failed to load Shared Shader Library: VariantManagerContent and no native library supported.
[2021.06.07-20.58.17:293][  0]LogShaderLibrary: Display: Failed to load Shared Shader Library: VariantManagerContent_SC and no native library supported.
[2021.06.07-20.58.17:293][  0]LogShaderLibrary: Display: Failed to load Shared Shader Library: VariantManagerContent and no native library supported.
[2021.06.07-20.58.17:293][  0]LogShaderLibrary: Display: Failed to load Shared Shader Library: VariantManagerContent_SC and no native library supported.
[2021.06.07-20.58.17:293][  0]LogShaderLibrary: Display: Failed to load Shared Shader Library: MediaCompositing and no native library supported.
[2021.06.07-20.58.17:293][  0]LogShaderLibrary: Display: Failed to load Shared Shader Library: MediaCompositing_SC and no native library supported.
[2021.06.07-20.58.17:293][  0]LogShaderLibrary: Display: Failed to load Shared Shader Library: MediaCompositing and no native library supported.
[2021.06.07-20.58.17:293][  0]LogShaderLibrary: Display: Failed to load Shared Shader Library: MediaCompositing_SC and no native library supported.
[2021.06.07-20.58.17:293][  0]LogShaderLibrary: Display: Failed to load Shared Shader Library: OculusVR and no native library supported.
[2021.06.07-20.58.17:293][  0]LogShaderLibrary: Display: Failed to load Shared Shader Library: OculusVR_SC and no native library supported.
[2021.06.07-20.58.17:293][  0]LogShaderLibrary: Display: Failed to load Shared Shader Library: OculusVR and no native library supported.
[2021.06.07-20.58.17:293][  0]LogShaderLibrary: Display: Failed to load Shared Shader Library: OculusVR_SC and no native library supported.
[2021.06.07-20.58.17:293][  0]LogShaderLibrary: Display: Failed to load Shared Shader Library: SteamVR and no native library supported.
[2021.06.07-20.58.17:294][  0]LogShaderLibrary: Display: Failed to load Shared Shader Library: SteamVR_SC and no native library supported.
[2021.06.07-20.58.17:294][  0]LogShaderLibrary: Display: Failed to load Shared Shader Library: SteamVR and no native library supported.
[2021.06.07-20.58.17:294][  0]LogShaderLibrary: Display: Failed to load Shared Shader Library: SteamVR_SC and no native library supported.
[2021.06.07-20.58.17:314][  0]LogMaterial: Verifying Global Shaders for PCD3D_SM5
[2021.06.07-20.58.17:340][  0]LogSlate: Using FreeType 2.6.0
[2021.06.07-20.58.17:342][  0]LogSlate: SlateFontServices - WITH_FREETYPE: 1, WITH_HARFBUZZ: 1
[2021.06.07-20.58.17:488][  0]LogShaderLibrary: Display: Failed to load Shared Shader Library: StartGame and no native library supported.
[2021.06.07-20.58.17:488][  0]LogShaderLibrary: Display: Failed to load Shared Shader Library: StartGame_SC and no native library supported.
[2021.06.07-20.58.17:488][  0]LogRHI: Display: Opened pipeline cache after state change and enqueued 0 of 0 tasks for precompile.
[2021.06.07-20.58.17:488][  0]LogShaderLibrary: Display: Failed to load Shared Shader Library: StartGame and no native library supported.
[2021.06.07-20.58.17:488][  0]LogShaderLibrary: Display: Failed to load Shared Shader Library: StartGame_SC and no native library supported.
[2021.06.07-20.58.17:488][  0]LogRHI: Display: Opened pipeline cache after state change and enqueued 0 of 0 tasks for precompile.
[2021.06.07-20.58.17:488][  0]LogRHI: Display: Failed to open default shader pipeline cache for StartGame using shader platform 0.
[2021.06.07-20.58.17:488][  0]LogInit: Using OS detected language (en-US).
[2021.06.07-20.58.17:488][  0]LogInit: Using OS detected locale (en-AU).
[2021.06.07-20.58.17:489][  0]LogTextLocalizationManager: No localization for 'en-US' exists, so 'en' will be used for the language.
[2021.06.07-20.58.17:489][  0]LogTextLocalizationManager: No localization for 'en-AU' exists, so 'en' will be used for the locale.
[2021.06.07-20.58.17:490][  0]LogSlate: FontCache flush requested. Reason: Culture for localization was changed
[2021.06.07-20.58.17:490][  0]LogSlate: FontCache flush requested. Reason: Culture for localization was changed
[2021.06.07-20.58.17:524][  0]LogStreaming: Display: Took  0.035s to InitGameTextLocalization.
[2021.06.07-20.58.17:540][  0]LogAssetRegistry: FAssetRegistry took 0.0158 seconds to start up
[2021.06.07-20.58.17:659][  0]LogStreaming: Display: Flushing async loaders.
[2021.06.07-20.58.17:668][  0]LogPackageLocalizationCache: Processed 10 localized package path(s) for 1 prioritized culture(s) in 0.008550 seconds
[2021.06.07-20.58.17:668][  0]LogPakFile: New pak file ../../../StartGame/Content/Paks/StartGame-WindowsNoEditor.pak added to pak precacher.
[2021.06.07-20.58.17:671][  0]LogInit: Selected Device Profile: [WindowsNoEditor]
[2021.06.07-20.58.17:687][  0]LogNetVersion: StartGame 1.0.0, NetCL: 4541578, EngineNetVer: 5, GameNetVer: 0 (Checksum: 380011498)
[2021.06.07-20.58.17:828][  0]LogMoviePlayer: Initializing movie player
[2021.06.07-20.58.17:917][  0]LogAndroidPermission: UAndroidPermissionCallbackProxy::GetInstance
[2021.06.07-20.58.17:917][  0]LogOcInput: OculusInput pre-init called
[2021.06.07-20.58.17:922][  0]LogUObjectArray: 34971 objects as part of root set at end of initial load.
[2021.06.07-20.58.17:922][  0]LogUObjectArray: 2 objects are not in the root set, but can never be destroyed because they are in the DisregardForGC set.
[2021.06.07-20.58.17:922][  0]LogUObjectAllocator: 3848756 out of 0 bytes used by permanent object pool.
[2021.06.07-20.58.17:922][  0]LogUObjectArray: CloseDisregardForGC: 34971/34971 objects in disregard for GC pool
[2021.06.07-20.58.18:000][  0]LogEngine: Initializing Engine...
[2021.06.07-20.58.18:000][  0]LogHMD: Failed to initialize OpenVR with code 110
[2021.06.07-20.58.18:013][  0]LogStats: UGameplayTagsManager::ConstructGameplayTagTree: ImportINI prefixes -  0.000 s
[2021.06.07-20.58.18:013][  0]LogStats: UGameplayTagsManager::ConstructGameplayTagTree: Construct from data asset -  0.000 s
[2021.06.07-20.58.18:013][  0]LogStats: UGameplayTagsManager::ConstructGameplayTagTree: ImportINI -  0.000 s
[2021.06.07-20.58.18:013][  0]LogStats: UGameplayTagsManager::ConstructGameplayTagTree: GameplayTagTreeChangedEvent.Broadcast -  0.000 s
[2021.06.07-20.58.18:128][  0]LogInit: Initializing FReadOnlyCVARCache
[2021.06.07-20.58.18:154][  0]LogInit: XAudio2 using 'Speakers (Realtek(R) Audio)' : 2 channels at 48 kHz using 32 bits per sample (channel mask 0x3)
[2021.06.07-20.58.18:201][  0]LogInit: FAudioDevice initialized.
[2021.06.07-20.58.18:212][  0]LogNetVersion: Set ProjectVersion to 1.0.0.0. Version Checksum will be recalculated on next use.
[2021.06.07-20.58.18:212][  0]LogInit: Texture streaming: Enabled
[2021.06.07-20.58.18:229][  0]LogSlate: Updating window title bar state: overlay mode, drag disabled, window buttons hidden, title bar hidden
[2021.06.07-20.58.18:229][  0]LogInit: Display: Game Engine Initialized.
[2021.06.07-20.58.18:229][  0]LogGameplayTags: Display: UGameplayTagsManager::DoneAddingNativeTags. DelegateIsBound: 0
[2021.06.07-20.58.18:229][  0]LogStats: UGameplayTagsManager::ConstructGameplayTagTree: ImportINI prefixes -  0.000 s
[2021.06.07-20.58.18:229][  0]LogStats: UGameplayTagsManager::ConstructGameplayTagTree: Construct from data asset -  0.000 s
[2021.06.07-20.58.18:230][  0]LogStats: UGameplayTagsManager::ConstructGameplayTagTree: ImportINI -  0.000 s
[2021.06.07-20.58.18:230][  0]LogStats: UGameplayTagsManager::ConstructGameplayTagTree: GameplayTagTreeChangedEvent.Broadcast -  0.000 s
[2021.06.07-20.58.18:243][  0]LogInit: Display: Starting Game.
[2021.06.07-20.58.18:243][  0]LogNet: Browse: /Game/PlayLevel?Name=Player
[2021.06.07-20.58.18:245][  0]LogLoad: LoadMap: /Game/PlayLevel?Name=Player
[2021.06.07-20.58.18:296][  0]LogAIModule: Creating AISystem for world PlayLevel
[2021.06.07-20.58.18:297][  0]LogLoad: Game class is 'ShipGameMode_C'
[2021.06.07-20.58.18:300][  0]LogWorld: Bringing World /Game/PlayLevel.PlayLevel up for play (max tick rate 0) at 2021.06.08-06.58.18
[2021.06.07-20.58.18:302][  0]LogWorld: Bringing up level for play took: 0.004515
[2021.06.07-20.58.18:303][  0]LogGameMode: FindPlayerStart: PATHS NOT DEFINED or NO PLAYERSTART with positive rating
[2021.06.07-20.58.18:303][  0]LogGameMode: Display: Match State Changed from EnteringMap to WaitingToStart
[2021.06.07-20.58.18:303][  0]LogGameState: Match State Changed from EnteringMap to WaitingToStart
[2021.06.07-20.58.18:303][  0]LogGameMode: Display: Match State Changed from WaitingToStart to InProgress
[2021.06.07-20.58.18:304][  0]LogUMG: Display: Widget Class GameStatusDisplay_C - Loaded Fast Template.
[2021.06.07-20.58.18:306][  0]LogGameState: Match State Changed from WaitingToStart to InProgress
[2021.06.07-20.58.18:306][  0]LogLoad: Took 0.060250 seconds to LoadMap(/Game/PlayLevel)
[2021.06.07-20.58.18:307][  0]LogSlate: Took 0.000675 seconds to synchronously load lazily loaded font '../../../StartGame/Content/Art_Assets/HUD/VT323-Regular.ufont' (146K)
[2021.06.07-20.58.18:347][  0]LogRenderer: Reallocating scene render targets to support 2560x1080 Format 10 NumSamples 1 (Frame:1).
[2021.06.07-20.58.18:347][  0]LogLoad: (Engine Initialization) Total time: 2.43 seconds
[2021.06.07-20.58.18:414][  0]LogContentStreaming: Texture pool size now 1000 MB
[2021.06.07-20.58.18:436][  0]LogSlate: Slate font cache was flushed
[2021.06.07-20.58.18:440][  1]LogSlate: Took 0.000101 seconds to synchronously load lazily loaded font '../../../StartGame/Content/Art_Assets/HUD/VT323-Regular.ufont' (146K)
[2021.06.07-20.58.27:568][567]LogBlueprintUserMessages: Warning: SetTimer passed a bad function (None) or object (explosion_f)
[2021.06.07-20.58.27:971][592]LogBlueprintUserMessages: Warning: SetTimer passed a bad function (None) or object (explosion_f)
[2021.06.07-20.58.28:407][619]LogBlueprintUserMessages: Warning: SetTimer passed a bad function (None) or object (explosion_f)
[2021.06.07-20.58.29:037][658]LogBlueprintUserMessages: Warning: SetTimer passed a bad function (None) or object (explosion_f)
[2021.06.07-20.58.29:037][658]LogBlueprintUserMessages: Warning: SetTimer passed a bad function (None) or object (explosion_f)
[2021.06.07-20.58.29:456][684]LogBlueprintUserMessages: Warning: SetTimer passed a bad function (None) or object (explosion_f)
[2021.06.07-20.58.29:635][695]LogBlueprintUserMessages: Warning: SetTimer passed a bad function (None) or object (explosion_f)
[2021.06.07-20.58.29:714][700]LogBlueprintUserMessages: Warning: SetTimer passed a bad function (None) or object (explosion_f)
[2021.06.07-20.58.29:830][707]LogBlueprintUserMessages: Warning: SetTimer passed a bad function (None) or object (explosion_f)
[2021.06.07-20.58.30:085][723]LogBlueprintUserMessages: Warning: SetTimer passed a bad function (None) or object (explosion_f)
[2021.06.07-20.58.30:102][724]LogBlueprintUserMessages: Warning: SetTimer passed a bad function (None) or object (explosion_f)
[2021.06.07-20.58.32:924][899]LogSlate: Request Window 'StartGame (32-bit Development PCD3D_SM5) ' being destroyed
[2021.06.07-20.58.32:949][899]LogSlate: Window 'StartGame (32-bit Development PCD3D_SM5) ' being destroyed
[2021.06.07-20.58.32:950][899]LogWindowsTextInputMethodSystem: Display: IME system now deactivated.
[2021.06.07-20.58.32:995][899]LogSlate: Updating window title bar state: overlay mode, drag disabled, window buttons hidden, title bar hidden
[2021.06.07-20.58.32:995][899]LogEngine: All Windows Closed
[2021.06.07-20.58.32:995][899]LogWindows: FPlatformMisc::RequestExit(0)
[2021.06.07-20.58.33:033][900]LogSlate: Slate User Destroyed.  User Index 0, Is Virtual User: 0
[2021.06.07-20.58.33:033][900]LogExit: Preparing to exit.
[2021.06.07-20.58.33:033][900]LogMoviePlayer: Shutting down movie player
[2021.06.07-20.58.33:038][900]LogSlate: Updating window title bar state: overlay mode, drag disabled, window buttons hidden, title bar hidden
[2021.06.07-20.58.33:041][900]LogExit: Game engine shut down
[2021.06.07-20.58.33:075][900]LogExit: Object subsystem successfully closed.
[2021.06.07-20.58.33:087][900]LogD3D11RHI: Shutdown
[2021.06.07-20.58.33:087][900]LogD3D11RHI: CleanupD3DDevice
[2021.06.07-20.58.33:089][900]LogD3D11RHI: ~FD3D11DynamicRHI
[2021.06.07-20.58.33:089][900]LogModuleManager: Shutting down and abandoning module AutomationController (186)
[2021.06.07-20.58.33:089][900]LogModuleManager: Shutting down and abandoning module AutomationWorker (184)
[2021.06.07-20.58.33:089][900]LogModuleManager: Shutting down and abandoning module Voice (182)
[2021.06.07-20.58.33:089][900]LogModuleManager: Shutting down and abandoning module AIModule (180)
[2021.06.07-20.58.33:089][900]LogModuleManager: Shutting down and abandoning module GameplayDebugger (179)
[2021.06.07-20.58.33:089][900]LogModuleManager: Shutting down and abandoning module NavigationSystem (177)
[2021.06.07-20.58.33:089][900]LogModuleManager: Shutting down and abandoning module WmfMediaFactory (174)
[2021.06.07-20.58.33:089][900]LogModuleManager: Shutting down and abandoning module OpenExrWrapper (172)
[2021.06.07-20.58.33:089][900]LogModuleManager: Shutting down and abandoning module ImgMediaFactory (170)
[2021.06.07-20.58.33:089][900]LogModuleManager: Shutting down and abandoning module AvfMediaFactory (168)
[2021.06.07-20.58.33:089][900]LogModuleManager: Shutting down and abandoning module CharacterAI (166)
[2021.06.07-20.58.33:090][900]LogModuleManager: Shutting down and abandoning module SessionServices (164)
[2021.06.07-20.58.33:090][900]LogModuleManager: Shutting down and abandoning module MovieSceneTracks (162)
[2021.06.07-20.58.33:090][900]LogModuleManager: Shutting down and abandoning module MovieScene (160)
[2021.06.07-20.58.33:090][900]LogModuleManager: Shutting down and abandoning module StreamingPauseRendering (158)
[2021.06.07-20.58.33:090][900]LogModuleManager: Shutting down and abandoning module ImageWriteQueue (156)
[2021.06.07-20.58.33:091][900]LogModuleManager: Shutting down and abandoning module ProfilerService (154)
[2021.06.07-20.58.33:204][900]LogModuleManager: Shutting down and abandoning module TaskGraph (152)
[2021.06.07-20.58.33:204][900]LogModuleManager: Shutting down and abandoning module SteamVRController (150)
[2021.06.07-20.58.33:204][900]LogModuleManager: Shutting down and abandoning module ProceduralMeshComponent (148)
[2021.06.07-20.58.33:204][900]LogModuleManager: Shutting down and abandoning module OculusInput (146)
[2021.06.07-20.58.33:204][900]LogModuleManager: Shutting down and abandoning module MobilePatchingUtils (144)
[2021.06.07-20.58.33:204][900]LogModuleManager: Shutting down and abandoning module CustomMeshComponent (142)
[2021.06.07-20.58.33:204][900]LogModuleManager: Shutting down and abandoning module CableComponent (140)
[2021.06.07-20.58.33:204][900]LogModuleManager: Shutting down and abandoning module ArchVisCharacter (138)
[2021.06.07-20.58.33:204][900]LogModuleManager: Shutting down and abandoning module AndroidPermission (136)
[2021.06.07-20.58.33:204][900]LogModuleManager: Shutting down and abandoning module MediaCompositing (134)
[2021.06.07-20.58.33:204][900]LogModuleManager: Shutting down and abandoning module LinearTimecode (132)
[2021.06.07-20.58.33:204][900]LogModuleManager: Shutting down and abandoning module ImgMedia (130)
[2021.06.07-20.58.33:208][900]LogModuleManager: Shutting down and abandoning module HTML5Networking (128)
[2021.06.07-20.58.33:208][900]LogModuleManager: Shutting down and abandoning module BackChannel (126)
[2021.06.07-20.58.33:208][900]LogModuleManager: Shutting down and abandoning module AppleVision (124)
[2021.06.07-20.58.33:208][900]LogModuleManager: Shutting down and abandoning module AppleImageUtils (122)
[2021.06.07-20.58.33:208][900]LogModuleManager: Shutting down and abandoning module GeometryCacheTracks (120)
[2021.06.07-20.58.33:208][900]LogModuleManager: Shutting down and abandoning module GeometryCache (118)
[2021.06.07-20.58.33:208][900]LogModuleManager: Shutting down and abandoning module VariantManagerContent (116)
[2021.06.07-20.58.33:208][900]LogModuleManager: Shutting down and abandoning module EditableMesh (114)
[2021.06.07-20.58.33:208][900]LogModuleManager: Shutting down and abandoning module RuntimePhysXCooking (112)
[2021.06.07-20.58.33:208][900]LogModuleManager: Shutting down and abandoning module PhysXVehicles (110)
[2021.06.07-20.58.33:208][900]LogModuleManager: Shutting down and abandoning module LocationServicesBPLibrary (108)
[2021.06.07-20.58.33:208][900]LogModuleManager: Shutting down and abandoning module ActorSequence (106)
[2021.06.07-20.58.33:208][900]LogModuleManager: Shutting down and abandoning module UdpMessaging (104)
[2021.06.07-20.58.33:208][900]LogModuleManager: Shutting down and abandoning module TcpMessaging (102)
[2021.06.07-20.58.33:208][900]LogModuleManager: Shutting down and abandoning module FacialAnimation (100)
[2021.06.07-20.58.33:208][900]LogModuleManager: Shutting down and abandoning module LightPropagationVolumeRuntime (98)
[2021.06.07-20.58.33:208][900]LogModuleManager: Shutting down and abandoning module AISupportModule (96)
[2021.06.07-20.58.33:208][900]LogModuleManager: Shutting down and abandoning module Paper2D (94)
[2021.06.07-20.58.33:208][900]LogModuleManager: Shutting down and abandoning module WindowsMoviePlayer (92)
[2021.06.07-20.58.33:208][900]LogModuleManager: Shutting down and abandoning module WmfMedia (90)
[2021.06.07-20.58.33:210][900]LogModuleManager: Shutting down and abandoning module Media (89)
[2021.06.07-20.58.33:215][900]LogModuleManager: Shutting down and abandoning module PacketHandler (86)
[2021.06.07-20.58.33:215][900]LogModuleManager: Shutting down and abandoning module ClothingSystemRuntime (84)
[2021.06.07-20.58.33:216][900]LogModuleManager: Shutting down and abandoning module MediaAssets (82)
[2021.06.07-20.58.33:216][900]LogModuleManager: Shutting down and abandoning module Overlay (80)
[2021.06.07-20.58.33:216][900]LogModuleManager: Shutting down and abandoning module UMG (78)
[2021.06.07-20.58.33:216][900]LogModuleManager: Shutting down and abandoning module SlateReflector (76)
[2021.06.07-20.58.33:216][900]LogModuleManager: Shutting down and abandoning module Slate (74)
[2021.06.07-20.58.33:216][900]LogModuleManager: Shutting down and abandoning module MRMesh (72)
[2021.06.07-20.58.33:216][900]LogModuleManager: Shutting down and abandoning module Messaging (70)
[2021.06.07-20.58.33:216][900]LogModuleManager: Shutting down and abandoning module HeadMountedDisplay (68)
[2021.06.07-20.58.33:216][900]LogModuleManager: Shutting down and abandoning module XAudio2 (66)
[2021.06.07-20.58.33:216][900]LogModuleManager: Shutting down and abandoning module Networking (64)
[2021.06.07-20.58.33:216][900]LogModuleManager: Shutting down and abandoning module Core (62)
[2021.06.07-20.58.33:216][900]LogModuleManager: Shutting down and abandoning module LevelSequence (60)
[2021.06.07-20.58.33:216][900]LogModuleManager: Shutting down and abandoning module ImageWrapper (56)
[2021.06.07-20.58.33:216][900]LogModuleManager: Shutting down and abandoning module InputCore (54)
[2021.06.07-20.58.33:216][900]LogModuleManager: Shutting down and abandoning module PhysXCooking (52)
[2021.06.07-20.58.33:216][900]LogModuleManager: Shutting down and abandoning module SteamVR (50)
[2021.06.07-20.58.33:216][900]LogHMD: Freeing OpenVRDLLHandle.
[2021.06.07-20.58.33:216][900]LogModuleManager: Shutting down and abandoning module OculusHMD (48)
[2021.06.07-20.58.33:216][900]LogModuleManager: Shutting down and abandoning module ExampleDeviceProfileSelector (46)
[2021.06.07-20.58.33:216][900]LogModuleManager: Shutting down and abandoning module LauncherChunkInstaller (44)
[2021.06.07-20.58.33:216][900]LogModuleManager: Shutting down and abandoning module OnlineSubsystem (40)
[2021.06.07-20.58.33:217][900]LogModuleManager: Shutting down and abandoning module HTTP (35)
[2021.06.07-20.58.33:243][900]LogModuleManager: Shutting down and abandoning module SSL (34)
[2021.06.07-20.58.33:244][900]LogModuleManager: Shutting down and abandoning module DatasmithContent (30)
[2021.06.07-20.58.33:244][900]LogModuleManager: Shutting down and abandoning module ShaderCore (28)
[2021.06.07-20.58.33:244][900]LogModuleManager: Shutting down and abandoning module Landscape (26)
[2021.06.07-20.58.33:244][900]LogModuleManager: Shutting down and abandoning module SlateRHIRenderer (24)
[2021.06.07-20.58.33:244][900]LogModuleManager: Shutting down and abandoning module OpenGLDrv (22)
[2021.06.07-20.58.33:245][900]LogModuleManager: Shutting down and abandoning module D3D11RHI (20)
[2021.06.07-20.58.33:245][900]LogModuleManager: Shutting down and abandoning module AnimGraphRuntime (18)
[2021.06.07-20.58.33:245][900]LogModuleManager: Shutting down and abandoning module Renderer (16)
[2021.06.07-20.58.33:245][900]LogModuleManager: Shutting down and abandoning module Engine (14)
[2021.06.07-20.58.33:245][900]LogModuleManager: Shutting down and abandoning module CoreUObject (12)
[2021.06.07-20.58.33:245][900]LogModuleManager: Shutting down and abandoning module NetworkFile (10)
[2021.06.07-20.58.33:245][900]LogModuleManager: Shutting down and abandoning module CookedIterativeFile (8)
[2021.06.07-20.58.33:245][900]LogModuleManager: Shutting down and abandoning module StreamingFile (6)
[2021.06.07-20.58.33:245][900]LogModuleManager: Shutting down and abandoning module SandboxFile (4)
[2021.06.07-20.58.33:245][900]LogModuleManager: Shutting down and abandoning module PakFile (2)
[2021.06.07-20.58.33:249][900]LogExit: Exiting.
[2021.06.07-20.58.33:255][900]Log file closed, 06/08/21 06:58:33
