Log file open, 03/03/20 11:37:59
LogWindows: Failed to load 'aqProf.dll' (GetLastError=126)
LogWindows: File 'aqProf.dll' does not exist
LogWindows: Failed to load 'VtuneApi.dll' (GetLastError=126)
LogWindows: File 'VtuneApi.dll' does not exist
LogWindows: Failed to load 'VtuneApi32e.dll' (GetLastError=126)
LogWindows: File 'VtuneApi32e.dll' does not exist
LogConsoleResponse: Display: Failed to find resolution value strings in scalability ini. Falling back to default.
LogPakFile: Registered encryption key '00000000000000000000000000000000': 0 pak files mounted, 0 remain pending
LogPakFile: Display: Found Pak file ../../../Pixelicious/Content/Paks/Pixelicious-WindowsNoEditor.pak attempting to mount.
LogPakFile: Display: Mounting pak file ../../../Pixelicious/Content/Paks/Pixelicious-WindowsNoEditor.pak.
LogPlatformFile: Not using cached read wrapper
LogTaskGraph: Started task graph with 5 named threads and 23 total threads with 3 sets of task threads.
LogStats: Stats thread started at 0.310072
LogICUInternationalization: ICU TimeZone Detection - Raw Offset: +10:00, Platform Override: ''
LogPluginManager: Mounting plugin PathFollow
LogPluginManager: Mounting plugin Paper2D
LogPluginManager: Mounting plugin AISupport
LogPluginManager: Mounting plugin LightPropagationVolume
LogPluginManager: Mounting plugin AssetManagerEditor
LogPluginManager: Mounting plugin CryptoKeys
LogPluginManager: Mounting plugin FacialAnimation
LogPluginManager: Mounting plugin MeshEditor
LogPluginManager: Mounting plugin EditableMesh
LogPluginManager: Mounting plugin DatasmithContent
LogPluginManager: Mounting plugin VariantManagerContent
LogPluginManager: Mounting plugin AlembicImporter
LogPluginManager: Mounting plugin GeometryCache
LogPluginManager: Mounting plugin AppleImageUtils
LogPluginManager: Mounting plugin AppleVision
LogPluginManager: Mounting plugin BackChannel
LogPluginManager: Mounting plugin CharacterAI
LogPluginManager: Mounting plugin HTML5Networking
LogPluginManager: Mounting plugin AvfMedia
LogPluginManager: Mounting plugin ImgMedia
LogPluginManager: Mounting plugin LinearTimecode
LogPluginManager: Mounting plugin MediaCompositing
LogPluginManager: Mounting plugin WmfMedia
LogPluginManager: Mounting plugin TcpMessaging
LogPluginManager: Mounting plugin UdpMessaging
LogPluginManager: Mounting plugin ActorSequence
LogPluginManager: Mounting plugin NetcodeUnitTest
LogPluginManager: Mounting plugin OnlineSubsystem
LogPluginManager: Mounting plugin OnlineSubsystemNull
LogPluginManager: Mounting plugin OnlineSubsystemUtils
LogPluginManager: Mounting plugin LauncherChunkInstaller
LogPluginManager: Mounting plugin AndroidPermission
LogPluginManager: Mounting plugin ArchVisCharacter
LogPluginManager: Mounting plugin CableComponent
LogPluginManager: Mounting plugin CustomMeshComponent
LogPluginManager: Mounting plugin ExampleDeviceProfileSelector
LogPluginManager: Mounting plugin LocationServicesBPLibrary
LogPluginManager: Mounting plugin MobilePatchingUtils
LogPluginManager: Mounting plugin OculusVR
LogPluginManager: Mounting plugin ProceduralMeshComponent
LogPluginManager: Mounting plugin PhysXVehicles
LogPluginManager: Mounting plugin RuntimePhysXCooking
LogPluginManager: Mounting plugin SteamVR
LogPluginManager: Mounting plugin WindowsMoviePlayer
LogStreaming: Display: Took  0.075s to configure plugins.
LogInit: Using libcurl 7.55.1-DEV
LogInit:  - built for i386-pc-win32
LogInit:  - supports SSL with OpenSSL/1.0.2g
LogInit:  - supports HTTP deflate (compression) using libz 1.2.8
LogInit:  - other features:
LogInit:      CURL_VERSION_SSL
LogInit:      CURL_VERSION_LIBZ
LogInit:      CURL_VERSION_IPV6
LogInit:      CURL_VERSION_ASYNCHDNS
LogInit:      CURL_VERSION_LARGEFILE
LogInit:      CURL_VERSION_IDN
LogInit:  CurlRequestOptions (configurable via config and command line):
LogInit:  - bVerifyPeer = true  - Libcurl will verify peer certificate
LogInit:  - bUseHttpProxy = false  - Libcurl will NOT use HTTP proxy
LogInit:  - bDontReuseConnections = false  - Libcurl will reuse connections
LogInit:  - MaxHostConnections = 16  - Libcurl will limit the number of connections to a host
LogInit:  - LocalHostAddr = Default
LogInit:  - BufferSize = 65536
LogInit: WinSock: version 1.1 (2.2), MaxSocks=32767, MaxUdp=65467
LogWindows: Failed to load '../../../Engine/Binaries/ThirdParty/OpenVR/OpenVRv1_0_16/Win32/openvr_api.dll' (GetLastError=126)
LogWindows: File '../../../Engine/Binaries/ThirdParty/OpenVR/OpenVRv1_0_16/Win32/openvr_api.dll' does not exist
LogHMD: Failed to load OpenVR library.
LogWindows: Failed to load '../../../Engine/Binaries/ThirdParty/OpenVR/OpenVRv1_0_16/Win32/openvr_api.dll' (GetLastError=126)
LogWindows: File '../../../Engine/Binaries/ThirdParty/OpenVR/OpenVRv1_0_16/Win32/openvr_api.dll' does not exist
LogHMD: Failed to load OpenVR library.
LogInit: Build: ++UE4+Release-4.21-CL-4753647
LogInit: Engine Version: 4.21.2-4753647+++UE4+Release-4.21
LogInit: Compatible Engine Version: 4.21.0-4541578+++UE4+Release-4.21
LogInit: Net CL: 4541578
LogInit: OS: Windows 10 (), CPU: AMD Ryzen 5 3550H with Radeon Vega Mobile Gfx  , GPU: AMD Radeon(TM) Vega 8 Graphics
LogInit: Compiled (32-bit): Jan 19 2019 02:21:35
LogInit: Compiled with Visual C++: 19.00.24215.01
LogInit: Build Configuration: Development
LogInit: Branch Name: ++UE4+Release-4.21
LogInit: Command Line: 
LogInit: Base Directory: C:/Users/ayasj/Google Drive (pixelmixery@gmail.com)/Games/Pixelicious/WindowsNoEditor/Pixelicious/Binaries/Win32/
LogInit: Installed Engine Build: 0
LogDevObjectVersion: Number of dev versions registered: 22
LogDevObjectVersion:   Dev-Blueprints (B0D832E4-1F89-4F0D-ACCF-7EB736FD4AA2): 10
LogDevObjectVersion:   Dev-Build (E1C64328-A22C-4D53-A36C-8E866417BD8C): 0
LogDevObjectVersion:   Dev-Core (375EC13C-06E4-48FB-B500-84F0262A717E): 2
LogDevObjectVersion:   Dev-Editor (E4B068ED-F494-42E9-A231-DA0B2E46BB41): 26
LogDevObjectVersion:   Dev-Framework (CFFC743F-43B0-4480-9391-14DF171D2073): 34
LogDevObjectVersion:   Dev-Mobile (B02B49B5-BB20-44E9-A304-32B752E40360): 2
LogDevObjectVersion:   Dev-Networking (A4E4105C-59A1-49B5-A7C5-40C4547EDFEE): 0
LogDevObjectVersion:   Dev-Online (39C831C9-5AE6-47DC-9A44-9C173E1C8E7C): 0
LogDevObjectVersion:   Dev-Physics (78F01B33-EBEA-4F98-B9B4-84EACCB95AA2): 0
LogDevObjectVersion:   Dev-Platform (6631380F-2D4D-43E0-8009-CF276956A95A): 0
LogDevObjectVersion:   Dev-Rendering (12F88B9F-8875-4AFC-A67C-D90C383ABD29): 27
LogDevObjectVersion:   Dev-Sequencer (7B5AE74C-D270-4C10-A958-57980B212A5A): 9
LogDevObjectVersion:   Dev-VR (D7296918-1DD6-4BDD-9DE2-64A83CC13884): 2
LogDevObjectVersion:   Dev-LoadTimes (C2A15278-BFE7-4AFE-6C17-90FF531DF755): 1
LogDevObjectVersion:   Private-Geometry (6EACA3D4-40EC-4CC1-B786-8BED09428FC5): 3
LogDevObjectVersion:   Dev-AnimPhys (29E575DD-E0A3-4627-9D10-D276232CDCEA): 17
LogDevObjectVersion:   Dev-Anim (AF43A65D-7FD3-4947-9873-3E8ED9C1BB05): 2
LogDevObjectVersion:   Dev-ReflectionCapture (6B266CEC-1EC7-4B8F-A30B-E4D90942FC07): 1
LogDevObjectVersion:   Dev-Automation (0DF73D61-A23F-47EA-B727-89E90C41499A): 1
LogDevObjectVersion:   FortniteMain (601D1886-AC64-4F84-AA16-D3DE0DEAC7D6): 17
LogDevObjectVersion:   Dev-Enterprise (9DFFBCD6-494F-0158-E221-12823C92A888): 4
LogDevObjectVersion:   Dev-Niagara (F2AED0AC-9AFE-416F-8664-AA7FFA26D6FC): 1
LogStreaming: Display: Took  0.001s to delete old logs.
LogInit: Presizing for max 2097152 objects, including 1 objects not considered by GC, pre-allocating 0 bytes for permanent pool.
LogStreaming: Display: Async Loading initialized: Event Driven Loader: true, Async Loading Thread: false, Async Post Load: true
LogInit: Object subsystem initialized
LogConfig: Setting CVar [[con.DebugEarlyDefault:1]]
LogConfig: Setting CVar [[r.setres:1280x720]]
[2020.03.03-00.37.59:710][  0]LogConfig: Setting CVar [[con.DebugEarlyDefault:1]]
[2020.03.03-00.37.59:710][  0]LogConfig: Setting CVar [[r.setres:1280x720]]
[2020.03.03-00.37.59:710][  0]LogConfig: Applying CVar settings from Section [/Script/Engine.RendererSettings] File [../../../Pixelicious/Saved/Config/WindowsNoEditor/Engine.ini]
[2020.03.03-00.37.59:710][  0]LogConfig: Setting CVar [[r.GPUCrashDebugging:0]]
[2020.03.03-00.37.59:710][  0]LogConfig: Setting CVar [[r.MobileHDR:1]]
[2020.03.03-00.37.59:710][  0]LogConfig: Setting CVar [[r.MobileNumDynamicPointLights:4]]
[2020.03.03-00.37.59:710][  0]LogConfig: Setting CVar [[r.MobileDynamicPointLightsUseStaticBranch:1]]
[2020.03.03-00.37.59:710][  0]LogConfig: Setting CVar [[r.AllowOcclusionQueries:1]]
[2020.03.03-00.37.59:710][  0]LogConfig: Setting CVar [[r.MinScreenRadiusForLights:0.030000]]
[2020.03.03-00.37.59:710][  0]LogConfig: Setting CVar [[r.MinScreenRadiusForDepthPrepass:0.030000]]
[2020.03.03-00.37.59:710][  0]LogConfig: Setting CVar [[r.PrecomputedVisibilityWarning:0]]
[2020.03.03-00.37.59:710][  0]LogConfig: Setting CVar [[r.TextureStreaming:1]]
[2020.03.03-00.37.59:710][  0]LogConfig: Setting CVar [[Compat.UseDXT5NormalMaps:0]]
[2020.03.03-00.37.59:710][  0]LogConfig: Setting CVar [[r.AllowStaticLighting:1]]
[2020.03.03-00.37.59:710][  0]LogConfig: Setting CVar [[r.NormalMapsForStaticLighting:0]]
[2020.03.03-00.37.59:710][  0]LogConfig: Setting CVar [[r.GenerateMeshDistanceFields:0]]
[2020.03.03-00.37.59:710][  0]LogConfig: Setting CVar [[r.GenerateLandscapeGIData:1]]
[2020.03.03-00.37.59:710][  0]LogConfig: Setting CVar [[r.TessellationAdaptivePixelsPerTriangle:48.000000]]
[2020.03.03-00.37.59:710][  0]LogConfig: Setting CVar [[r.SeparateTranslucency:1]]
[2020.03.03-00.37.59:710][  0]LogConfig: Setting CVar [[r.TranslucentSortPolicy:0]]
[2020.03.03-00.37.59:711][  0]LogConfig: Setting CVar [[r.CustomDepth:1]]
[2020.03.03-00.37.59:711][  0]LogConfig: Setting CVar [[r.DefaultFeature.Bloom:1]]
[2020.03.03-00.37.59:711][  0]LogConfig: Setting CVar [[r.DefaultFeature.AmbientOcclusion:1]]
[2020.03.03-00.37.59:711][  0]LogConfig: Setting CVar [[r.DefaultFeature.AmbientOcclusionStaticFraction:1]]
[2020.03.03-00.37.59:711][  0]LogConfig: Setting CVar [[r.DefaultFeature.AutoExposure:1]]
[2020.03.03-00.37.59:711][  0]LogConfig: Setting CVar [[r.DefaultFeature.MotionBlur:1]]
[2020.03.03-00.37.59:711][  0]LogConfig: Setting CVar [[r.DefaultFeature.LensFlare:1]]
[2020.03.03-00.37.59:711][  0]LogConfig: Setting CVar [[r.DefaultFeature.AntiAliasing:2]]
[2020.03.03-00.37.59:711][  0]LogConfig: Setting CVar [[r.EarlyZPass:3]]
[2020.03.03-00.37.59:711][  0]LogConfig: Setting CVar [[r.EarlyZPassMovable:0]]
[2020.03.03-00.37.59:711][  0]LogConfig: Setting CVar [[r.DBuffer:0]]
[2020.03.03-00.37.59:711][  0]LogConfig: Setting CVar [[r.ClearSceneMethod:1]]
[2020.03.03-00.37.59:711][  0]LogConfig: Setting CVar [[r.BasePassOutputsVelocity:0]]
[2020.03.03-00.37.59:711][  0]LogConfig: Setting CVar [[r.WireframeCullThreshold:5.000000]]
[2020.03.03-00.37.59:711][  0]LogConfig: Applying CVar settings from Section [/Script/Engine.RendererOverrideSettings] File [../../../Pixelicious/Saved/Config/WindowsNoEditor/Engine.ini]
[2020.03.03-00.37.59:711][  0]LogConfig: Applying CVar settings from Section [/Script/Engine.StreamingSettings] File [../../../Pixelicious/Saved/Config/WindowsNoEditor/Engine.ini]
[2020.03.03-00.37.59:711][  0]LogConfig: Setting CVar [[s.MinBulkDataSizeForAsyncLoading:131072]]
[2020.03.03-00.37.59:711][  0]LogConfig: Setting CVar [[s.AsyncLoadingThreadEnabled:0]]
[2020.03.03-00.37.59:711][  0]LogConfig: Setting CVar [[s.EventDrivenLoaderEnabled:1]]
[2020.03.03-00.37.59:711][  0]LogConfig: Setting CVar [[s.WarnIfTimeLimitExceeded:0]]
[2020.03.03-00.37.59:711][  0]LogConfig: Setting CVar [[s.TimeLimitExceededMultiplier:1.5]]
[2020.03.03-00.37.59:711][  0]LogConfig: Setting CVar [[s.TimeLimitExceededMinTime:0.005]]
[2020.03.03-00.37.59:711][  0]LogConfig: Setting CVar [[s.UseBackgroundLevelStreaming:1]]
[2020.03.03-00.37.59:711][  0]LogConfig: Setting CVar [[s.PriorityAsyncLoadingExtraTime:15.0]]
[2020.03.03-00.37.59:711][  0]LogConfig: Setting CVar [[s.LevelStreamingActorsUpdateTimeLimit:5.0]]
[2020.03.03-00.37.59:711][  0]LogConfig: Setting CVar [[s.PriorityLevelStreamingActorsUpdateExtraTime:5.0]]
[2020.03.03-00.37.59:711][  0]LogConfig: Setting CVar [[s.LevelStreamingComponentsRegistrationGranularity:10]]
[2020.03.03-00.37.59:711][  0]LogConfig: Setting CVar [[s.UnregisterComponentsTimeLimit:1.0]]
[2020.03.03-00.37.59:711][  0]LogConfig: Setting CVar [[s.LevelStreamingComponentsUnregistrationGranularity:5]]
[2020.03.03-00.37.59:711][  0]LogConfig: Applying CVar settings from Section [/Script/Engine.GarbageCollectionSettings] File [../../../Pixelicious/Saved/Config/WindowsNoEditor/Engine.ini]
[2020.03.03-00.37.59:712][  0]LogConfig: Setting CVar [[gc.MaxObjectsNotConsideredByGC:1]]
[2020.03.03-00.37.59:712][  0]LogConfig: Setting CVar [[gc.SizeOfPermanentObjectPool:0]]
[2020.03.03-00.37.59:712][  0]LogConfig: Setting CVar [[gc.FlushStreamingOnGC:0]]
[2020.03.03-00.37.59:712][  0]LogConfig: Setting CVar [[gc.NumRetriesBeforeForcingGC:10]]
[2020.03.03-00.37.59:712][  0]LogConfig: Setting CVar [[gc.AllowParallelGC:1]]
[2020.03.03-00.37.59:712][  0]LogConfig: Setting CVar [[gc.TimeBetweenPurgingPendingKillObjects:61.1]]
[2020.03.03-00.37.59:712][  0]LogConfig: Setting CVar [[gc.MaxObjectsInEditor:8388607]]
[2020.03.03-00.37.59:712][  0]LogConfig: Setting CVar [[gc.IncrementalBeginDestroyEnabled:1]]
[2020.03.03-00.37.59:712][  0]LogConfig: Setting CVar [[gc.CreateGCClusters:1]]
[2020.03.03-00.37.59:712][  0]LogConfig: Setting CVar [[gc.MergeGCClusters:0]]
[2020.03.03-00.37.59:712][  0]LogConfig: Setting CVar [[gc.MinGCClusterSize:5]]
[2020.03.03-00.37.59:712][  0]LogConfig: Setting CVar [[gc.ActorClusteringEnabled:0]]
[2020.03.03-00.37.59:712][  0]LogConfig: Setting CVar [[gc.BlueprintClusteringEnabled:0]]
[2020.03.03-00.37.59:712][  0]LogConfig: Setting CVar [[gc.UseDisregardForGCOnDedicatedServers:0]]
[2020.03.03-00.37.59:712][  0]LogConfig: Applying CVar settings from Section [/Script/Engine.NetworkSettings] File [../../../Pixelicious/Saved/Config/WindowsNoEditor/Engine.ini]
[2020.03.03-00.37.59:716][  0]LogConfig: Applying CVar settings from Section [ViewDistanceQuality@3] File [../../../Pixelicious/Saved/Config/WindowsNoEditor/Scalability.ini]
[2020.03.03-00.37.59:716][  0]LogConfig: Setting CVar [[r.SkeletalMeshLODBias:0]]
[2020.03.03-00.37.59:716][  0]LogConfig: Setting CVar [[r.ViewDistanceScale:1.0]]
[2020.03.03-00.37.59:716][  0]LogConfig: Applying CVar settings from Section [AntiAliasingQuality@3] File [../../../Pixelicious/Saved/Config/WindowsNoEditor/Scalability.ini]
[2020.03.03-00.37.59:716][  0]LogConfig: Setting CVar [[r.PostProcessAAQuality:4]]
[2020.03.03-00.37.59:716][  0]LogConfig: Applying CVar settings from Section [ShadowQuality@3] File [../../../Pixelicious/Saved/Config/WindowsNoEditor/Scalability.ini]
[2020.03.03-00.37.59:716][  0]LogConfig: Setting CVar [[r.LightFunctionQuality:1]]
[2020.03.03-00.37.59:716][  0]LogConfig: Setting CVar [[r.ShadowQuality:5]]
[2020.03.03-00.37.59:716][  0]LogConfig: Setting CVar [[r.Shadow.CSM.MaxCascades:10]]
[2020.03.03-00.37.59:716][  0]LogConfig: Setting CVar [[r.Shadow.MaxResolution:2048]]
[2020.03.03-00.37.59:716][  0]LogConfig: Setting CVar [[r.Shadow.MaxCSMResolution:2048]]
[2020.03.03-00.37.59:716][  0]LogConfig: Setting CVar [[r.Shadow.RadiusThreshold:0.01]]
[2020.03.03-00.37.59:716][  0]LogConfig: Setting CVar [[r.Shadow.DistanceScale:1.0]]
[2020.03.03-00.37.59:716][  0]LogConfig: Setting CVar [[r.Shadow.CSM.TransitionScale:1.0]]
[2020.03.03-00.37.59:716][  0]LogConfig: Setting CVar [[r.Shadow.PreShadowResolutionFactor:1.0]]
[2020.03.03-00.37.59:716][  0]LogConfig: Setting CVar [[r.DistanceFieldShadowing:1]]
[2020.03.03-00.37.59:717][  0]LogConfig: Setting CVar [[r.DistanceFieldAO:1]]
[2020.03.03-00.37.59:717][  0]LogConfig: Setting CVar [[r.AOQuality:2]]
[2020.03.03-00.37.59:717][  0]LogConfig: Setting CVar [[r.VolumetricFog:1]]
[2020.03.03-00.37.59:717][  0]LogConfig: Setting CVar [[r.VolumetricFog.GridPixelSize:8]]
[2020.03.03-00.37.59:717][  0]LogConfig: Setting CVar [[r.VolumetricFog.GridSizeZ:128]]
[2020.03.03-00.37.59:717][  0]LogConfig: Setting CVar [[r.VolumetricFog.HistoryMissSupersampleCount:4]]
[2020.03.03-00.37.59:717][  0]LogConfig: Setting CVar [[r.LightMaxDrawDistanceScale:1]]
[2020.03.03-00.37.59:717][  0]LogConfig: Setting CVar [[r.CapsuleShadows:1]]
[2020.03.03-00.37.59:717][  0]LogConfig: Applying CVar settings from Section [PostProcessQuality@3] File [../../../Pixelicious/Saved/Config/WindowsNoEditor/Scalability.ini]
[2020.03.03-00.37.59:717][  0]LogConfig: Setting CVar [[r.MotionBlurQuality:4]]
[2020.03.03-00.37.59:717][  0]LogConfig: Setting CVar [[r.AmbientOcclusionMipLevelFactor:0.4]]
[2020.03.03-00.37.59:717][  0]LogConfig: Setting CVar [[r.AmbientOcclusionMaxQuality:100]]
[2020.03.03-00.37.59:717][  0]LogConfig: Setting CVar [[r.AmbientOcclusionLevels:-1]]
[2020.03.03-00.37.59:717][  0]LogConfig: Setting CVar [[r.AmbientOcclusionRadiusScale:1.0]]
[2020.03.03-00.37.59:717][  0]LogConfig: Setting CVar [[r.DepthOfFieldQuality:2]]
[2020.03.03-00.37.59:717][  0]LogConfig: Setting CVar [[r.RenderTargetPoolMin:400]]
[2020.03.03-00.37.59:717][  0]LogConfig: Setting CVar [[r.LensFlareQuality:2]]
[2020.03.03-00.37.59:717][  0]LogConfig: Setting CVar [[r.SceneColorFringeQuality:1]]
[2020.03.03-00.37.59:717][  0]LogConfig: Setting CVar [[r.EyeAdaptationQuality:2]]
[2020.03.03-00.37.59:717][  0]LogConfig: Setting CVar [[r.BloomQuality:5]]
[2020.03.03-00.37.59:717][  0]LogConfig: Setting CVar [[r.FastBlurThreshold:100]]
[2020.03.03-00.37.59:717][  0]LogConfig: Setting CVar [[r.Upscale.Quality:3]]
[2020.03.03-00.37.59:717][  0]LogConfig: Setting CVar [[r.Tonemapper.GrainQuantization:1]]
[2020.03.03-00.37.59:717][  0]LogConfig: Setting CVar [[r.LightShaftQuality:1]]
[2020.03.03-00.37.59:717][  0]LogConfig: Setting CVar [[r.Filter.SizeScale:1]]
[2020.03.03-00.37.59:717][  0]LogConfig: Setting CVar [[r.Tonemapper.Quality:5]]
[2020.03.03-00.37.59:717][  0]LogConfig: Setting CVar [[r.DOF.Gather.AccumulatorQuality:1        ; higher gathering accumulator quality]]
[2020.03.03-00.37.59:717][  0]LogConfig: Setting CVar [[r.DOF.Gather.PostfilterMethod:1          ; Median3x3 postfilering method]]
[2020.03.03-00.37.59:717][  0]LogConfig: Setting CVar [[r.DOF.Gather.EnableBokehSettings:0       ; no bokeh simulation when gathering]]
[2020.03.03-00.37.59:717][  0]LogConfig: Setting CVar [[r.DOF.Gather.RingCount:4                 ; medium number of samples when gathering]]
[2020.03.03-00.37.59:717][  0]LogConfig: Setting CVar [[r.DOF.Scatter.ForegroundCompositing:1    ; additive foreground scattering]]
[2020.03.03-00.37.59:718][  0]LogConfig: Setting CVar [[r.DOF.Scatter.BackgroundCompositing:2    ; additive background scattering]]
[2020.03.03-00.37.59:718][  0]LogConfig: Setting CVar [[r.DOF.Scatter.EnableBokehSettings:1      ; bokeh simulation when scattering]]
[2020.03.03-00.37.59:718][  0]LogConfig: Setting CVar [[r.DOF.Scatter.MaxSpriteRatio:0.1         ; only a maximum of 10% of scattered bokeh]]
[2020.03.03-00.37.59:718][  0]LogConfig: Setting CVar [[r.DOF.Recombine.Quality:1                ; cheap slight out of focus]]
[2020.03.03-00.37.59:718][  0]LogConfig: Setting CVar [[r.DOF.Recombine.EnableBokehSettings:0    ; no bokeh simulation on slight out of focus]]
[2020.03.03-00.37.59:718][  0]LogConfig: Setting CVar [[r.DOF.TemporalAAQuality:1                ; more stable temporal accumulation]]
[2020.03.03-00.37.59:718][  0]LogConfig: Setting CVar [[r.DOF.Kernel.MaxForegroundRadius:0.025]]
[2020.03.03-00.37.59:718][  0]LogConfig: Setting CVar [[r.DOF.Kernel.MaxBackgroundRadius:0.025]]
[2020.03.03-00.37.59:718][  0]LogConfig: Applying CVar settings from Section [TextureQuality@3] File [../../../Pixelicious/Saved/Config/WindowsNoEditor/Scalability.ini]
[2020.03.03-00.37.59:718][  0]LogConfig: Setting CVar [[r.Streaming.MipBias:0]]
[2020.03.03-00.37.59:718][  0]LogConfig: Setting CVar [[r.Streaming.AmortizeCPUToGPUCopy:0]]
[2020.03.03-00.37.59:718][  0]LogConfig: Setting CVar [[r.Streaming.MaxNumTexturesToStreamPerFrame:0]]
[2020.03.03-00.37.59:718][  0]LogConfig: Setting CVar [[r.Streaming.Boost:1]]
[2020.03.03-00.37.59:718][  0]LogConfig: Setting CVar [[r.MaxAnisotropy:8]]
[2020.03.03-00.37.59:718][  0]LogConfig: Setting CVar [[r.Streaming.LimitPoolSizeToVRAM:0]]
[2020.03.03-00.37.59:718][  0]LogConfig: Setting CVar [[r.Streaming.PoolSize:1000]]
[2020.03.03-00.37.59:718][  0]LogConfig: Setting CVar [[r.Streaming.MaxEffectiveScreenSize:0]]
[2020.03.03-00.37.59:718][  0]LogConfig: Applying CVar settings from Section [EffectsQuality@3] File [../../../Pixelicious/Saved/Config/WindowsNoEditor/Scalability.ini]
[2020.03.03-00.37.59:718][  0]LogConfig: Setting CVar [[r.TranslucencyLightingVolumeDim:64]]
[2020.03.03-00.37.59:718][  0]LogConfig: Setting CVar [[r.RefractionQuality:2]]
[2020.03.03-00.37.59:718][  0]LogConfig: Setting CVar [[r.SSR.Quality:3]]
[2020.03.03-00.37.59:718][  0]LogConfig: Setting CVar [[r.SceneColorFormat:4]]
[2020.03.03-00.37.59:718][  0]LogConfig: Setting CVar [[r.DetailMode:2]]
[2020.03.03-00.37.59:718][  0]LogConfig: Setting CVar [[r.TranslucencyVolumeBlur:1]]
[2020.03.03-00.37.59:718][  0]LogConfig: Setting CVar [[r.MaterialQualityLevel:1 ; High quality]]
[2020.03.03-00.37.59:718][  0]LogConfig: Setting CVar [[r.SSS.Scale:1]]
[2020.03.03-00.37.59:718][  0]LogConfig: Setting CVar [[r.SSS.SampleSet:2]]
[2020.03.03-00.37.59:718][  0]LogConfig: Setting CVar [[r.SSS.Quality:1]]
[2020.03.03-00.37.59:718][  0]LogConfig: Setting CVar [[r.SSS.HalfRes:1]]
[2020.03.03-00.37.59:718][  0]LogConfig: Setting CVar [[r.EmitterSpawnRateScale:1.0]]
[2020.03.03-00.37.59:718][  0]LogConfig: Setting CVar [[r.ParticleLightQuality:2]]
[2020.03.03-00.37.59:718][  0]LogConfig: Applying CVar settings from Section [FoliageQuality@3] File [../../../Pixelicious/Saved/Config/WindowsNoEditor/Scalability.ini]
[2020.03.03-00.37.59:718][  0]LogConfig: Setting CVar [[foliage.DensityScale:1.0]]
[2020.03.03-00.37.59:718][  0]LogConfig: Setting CVar [[grass.DensityScale:1.0]]
[2020.03.03-00.37.59:718][  0]LogInit: Selected Device Profile: [WindowsNoEditor]
[2020.03.03-00.37.59:719][  0]LogInit: Applying CVar settings loaded from the selected device profile: [WindowsNoEditor]
[2020.03.03-00.37.59:726][  0]LogHAL: Display: Platform has ~ 16 GB [16979845120 / 17179869184 / 16], which maps to Larger [LargestMinGB=32, LargerMinGB=12, DefaultMinGB=8, SmallerMinGB=6, SmallestMinGB=0)
[2020.03.03-00.37.59:726][  0]LogInit: Going up to parent DeviceProfile [Windows]
[2020.03.03-00.37.59:726][  0]LogConfig: Setting CVar [[r.Vulkan.UseRealUBs:1]]
[2020.03.03-00.37.59:726][  0]LogInit: Going up to parent DeviceProfile []
[2020.03.03-00.37.59:726][  0]LogConfig: Applying CVar settings from Section [ViewDistanceQuality@3] File [../../../Pixelicious/Saved/Config/WindowsNoEditor/Scalability.ini]
[2020.03.03-00.37.59:726][  0]LogConfig: Setting CVar [[r.SkeletalMeshLODBias:0]]
[2020.03.03-00.37.59:726][  0]LogConfig: Setting CVar [[r.ViewDistanceScale:1.0]]
[2020.03.03-00.37.59:726][  0]LogConfig: Applying CVar settings from Section [AntiAliasingQuality@3] File [../../../Pixelicious/Saved/Config/WindowsNoEditor/Scalability.ini]
[2020.03.03-00.37.59:726][  0]LogConfig: Setting CVar [[r.PostProcessAAQuality:4]]
[2020.03.03-00.37.59:726][  0]LogConfig: Applying CVar settings from Section [ShadowQuality@3] File [../../../Pixelicious/Saved/Config/WindowsNoEditor/Scalability.ini]
[2020.03.03-00.37.59:726][  0]LogConfig: Setting CVar [[r.LightFunctionQuality:1]]
[2020.03.03-00.37.59:726][  0]LogConfig: Setting CVar [[r.ShadowQuality:5]]
[2020.03.03-00.37.59:726][  0]LogConfig: Setting CVar [[r.Shadow.CSM.MaxCascades:10]]
[2020.03.03-00.37.59:726][  0]LogConfig: Setting CVar [[r.Shadow.MaxResolution:2048]]
[2020.03.03-00.37.59:726][  0]LogConfig: Setting CVar [[r.Shadow.MaxCSMResolution:2048]]
[2020.03.03-00.37.59:726][  0]LogConfig: Setting CVar [[r.Shadow.RadiusThreshold:0.01]]
[2020.03.03-00.37.59:726][  0]LogConfig: Setting CVar [[r.Shadow.DistanceScale:1.0]]
[2020.03.03-00.37.59:726][  0]LogConfig: Setting CVar [[r.Shadow.CSM.TransitionScale:1.0]]
[2020.03.03-00.37.59:726][  0]LogConfig: Setting CVar [[r.Shadow.PreShadowResolutionFactor:1.0]]
[2020.03.03-00.37.59:726][  0]LogConfig: Setting CVar [[r.DistanceFieldShadowing:1]]
[2020.03.03-00.37.59:726][  0]LogConfig: Setting CVar [[r.DistanceFieldAO:1]]
[2020.03.03-00.37.59:726][  0]LogConfig: Setting CVar [[r.AOQuality:2]]
[2020.03.03-00.37.59:726][  0]LogConfig: Setting CVar [[r.VolumetricFog:1]]
[2020.03.03-00.37.59:727][  0]LogConfig: Setting CVar [[r.VolumetricFog.GridPixelSize:8]]
[2020.03.03-00.37.59:727][  0]LogConfig: Setting CVar [[r.VolumetricFog.GridSizeZ:128]]
[2020.03.03-00.37.59:727][  0]LogConfig: Setting CVar [[r.VolumetricFog.HistoryMissSupersampleCount:4]]
[2020.03.03-00.37.59:727][  0]LogConfig: Setting CVar [[r.LightMaxDrawDistanceScale:1]]
[2020.03.03-00.37.59:727][  0]LogConfig: Setting CVar [[r.CapsuleShadows:1]]
[2020.03.03-00.37.59:727][  0]LogConfig: Applying CVar settings from Section [PostProcessQuality@3] File [../../../Pixelicious/Saved/Config/WindowsNoEditor/Scalability.ini]
[2020.03.03-00.37.59:727][  0]LogConfig: Setting CVar [[r.MotionBlurQuality:4]]
[2020.03.03-00.37.59:727][  0]LogConfig: Setting CVar [[r.AmbientOcclusionMipLevelFactor:0.4]]
[2020.03.03-00.37.59:727][  0]LogConfig: Setting CVar [[r.AmbientOcclusionMaxQuality:100]]
[2020.03.03-00.37.59:727][  0]LogConfig: Setting CVar [[r.AmbientOcclusionLevels:-1]]
[2020.03.03-00.37.59:727][  0]LogConfig: Setting CVar [[r.AmbientOcclusionRadiusScale:1.0]]
[2020.03.03-00.37.59:727][  0]LogConfig: Setting CVar [[r.DepthOfFieldQuality:2]]
[2020.03.03-00.37.59:727][  0]LogConfig: Setting CVar [[r.RenderTargetPoolMin:400]]
[2020.03.03-00.37.59:727][  0]LogConfig: Setting CVar [[r.LensFlareQuality:2]]
[2020.03.03-00.37.59:727][  0]LogConfig: Setting CVar [[r.SceneColorFringeQuality:1]]
[2020.03.03-00.37.59:727][  0]LogConfig: Setting CVar [[r.EyeAdaptationQuality:2]]
[2020.03.03-00.37.59:727][  0]LogConfig: Setting CVar [[r.BloomQuality:5]]
[2020.03.03-00.37.59:727][  0]LogConfig: Setting CVar [[r.FastBlurThreshold:100]]
[2020.03.03-00.37.59:727][  0]LogConfig: Setting CVar [[r.Upscale.Quality:3]]
[2020.03.03-00.37.59:727][  0]LogConfig: Setting CVar [[r.Tonemapper.GrainQuantization:1]]
[2020.03.03-00.37.59:727][  0]LogConfig: Setting CVar [[r.LightShaftQuality:1]]
[2020.03.03-00.37.59:727][  0]LogConfig: Setting CVar [[r.Filter.SizeScale:1]]
[2020.03.03-00.37.59:727][  0]LogConfig: Setting CVar [[r.Tonemapper.Quality:5]]
[2020.03.03-00.37.59:727][  0]LogConfig: Setting CVar [[r.DOF.Gather.AccumulatorQuality:1        ; higher gathering accumulator quality]]
[2020.03.03-00.37.59:727][  0]LogConfig: Setting CVar [[r.DOF.Gather.PostfilterMethod:1          ; Median3x3 postfilering method]]
[2020.03.03-00.37.59:727][  0]LogConfig: Setting CVar [[r.DOF.Gather.EnableBokehSettings:0       ; no bokeh simulation when gathering]]
[2020.03.03-00.37.59:727][  0]LogConfig: Setting CVar [[r.DOF.Gather.RingCount:4                 ; medium number of samples when gathering]]
[2020.03.03-00.37.59:727][  0]LogConfig: Setting CVar [[r.DOF.Scatter.ForegroundCompositing:1    ; additive foreground scattering]]
[2020.03.03-00.37.59:727][  0]LogConfig: Setting CVar [[r.DOF.Scatter.BackgroundCompositing:2    ; additive background scattering]]
[2020.03.03-00.37.59:727][  0]LogConfig: Setting CVar [[r.DOF.Scatter.EnableBokehSettings:1      ; bokeh simulation when scattering]]
[2020.03.03-00.37.59:727][  0]LogConfig: Setting CVar [[r.DOF.Scatter.MaxSpriteRatio:0.1         ; only a maximum of 10% of scattered bokeh]]
[2020.03.03-00.37.59:727][  0]LogConfig: Setting CVar [[r.DOF.Recombine.Quality:1                ; cheap slight out of focus]]
[2020.03.03-00.37.59:727][  0]LogConfig: Setting CVar [[r.DOF.Recombine.EnableBokehSettings:0    ; no bokeh simulation on slight out of focus]]
[2020.03.03-00.37.59:727][  0]LogConfig: Setting CVar [[r.DOF.TemporalAAQuality:1                ; more stable temporal accumulation]]
[2020.03.03-00.37.59:727][  0]LogConfig: Setting CVar [[r.DOF.Kernel.MaxForegroundRadius:0.025]]
[2020.03.03-00.37.59:727][  0]LogConfig: Setting CVar [[r.DOF.Kernel.MaxBackgroundRadius:0.025]]
[2020.03.03-00.37.59:727][  0]LogConfig: Applying CVar settings from Section [TextureQuality@3] File [../../../Pixelicious/Saved/Config/WindowsNoEditor/Scalability.ini]
[2020.03.03-00.37.59:727][  0]LogConfig: Setting CVar [[r.Streaming.MipBias:0]]
[2020.03.03-00.37.59:728][  0]LogConfig: Setting CVar [[r.Streaming.AmortizeCPUToGPUCopy:0]]
[2020.03.03-00.37.59:728][  0]LogConfig: Setting CVar [[r.Streaming.MaxNumTexturesToStreamPerFrame:0]]
[2020.03.03-00.37.59:728][  0]LogConfig: Setting CVar [[r.Streaming.Boost:1]]
[2020.03.03-00.37.59:728][  0]LogConfig: Setting CVar [[r.MaxAnisotropy:8]]
[2020.03.03-00.37.59:728][  0]LogConfig: Setting CVar [[r.Streaming.LimitPoolSizeToVRAM:0]]
[2020.03.03-00.37.59:728][  0]LogConfig: Setting CVar [[r.Streaming.PoolSize:1000]]
[2020.03.03-00.37.59:728][  0]LogConfig: Setting CVar [[r.Streaming.MaxEffectiveScreenSize:0]]
[2020.03.03-00.37.59:728][  0]LogConfig: Applying CVar settings from Section [EffectsQuality@3] File [../../../Pixelicious/Saved/Config/WindowsNoEditor/Scalability.ini]
[2020.03.03-00.37.59:728][  0]LogConfig: Setting CVar [[r.TranslucencyLightingVolumeDim:64]]
[2020.03.03-00.37.59:728][  0]LogConfig: Setting CVar [[r.RefractionQuality:2]]
[2020.03.03-00.37.59:728][  0]LogConfig: Setting CVar [[r.SSR.Quality:3]]
[2020.03.03-00.37.59:728][  0]LogConfig: Setting CVar [[r.SceneColorFormat:4]]
[2020.03.03-00.37.59:728][  0]LogConfig: Setting CVar [[r.DetailMode:2]]
[2020.03.03-00.37.59:728][  0]LogConfig: Setting CVar [[r.TranslucencyVolumeBlur:1]]
[2020.03.03-00.37.59:728][  0]LogConfig: Setting CVar [[r.MaterialQualityLevel:1 ; High quality]]
[2020.03.03-00.37.59:728][  0]LogConfig: Setting CVar [[r.SSS.Scale:1]]
[2020.03.03-00.37.59:728][  0]LogConfig: Setting CVar [[r.SSS.SampleSet:2]]
[2020.03.03-00.37.59:728][  0]LogConfig: Setting CVar [[r.SSS.Quality:1]]
[2020.03.03-00.37.59:728][  0]LogConfig: Setting CVar [[r.SSS.HalfRes:1]]
[2020.03.03-00.37.59:728][  0]LogConfig: Setting CVar [[r.EmitterSpawnRateScale:1.0]]
[2020.03.03-00.37.59:728][  0]LogConfig: Setting CVar [[r.ParticleLightQuality:2]]
[2020.03.03-00.37.59:728][  0]LogConfig: Applying CVar settings from Section [FoliageQuality@3] File [../../../Pixelicious/Saved/Config/WindowsNoEditor/Scalability.ini]
[2020.03.03-00.37.59:728][  0]LogConfig: Setting CVar [[foliage.DensityScale:1.0]]
[2020.03.03-00.37.59:728][  0]LogConfig: Setting CVar [[grass.DensityScale:1.0]]
[2020.03.03-00.37.59:728][  0]LogConfig: Applying CVar settings from Section [Startup] File [../../../Engine/Config/ConsoleVariables.ini]
[2020.03.03-00.37.59:728][  0]LogConfig: Setting CVar [[net.UseAdaptiveNetUpdateFrequency:0]]
[2020.03.03-00.37.59:728][  0]LogConfig: Applying CVar settings from Section [ConsoleVariables] File [../../../Pixelicious/Saved/Config/WindowsNoEditor/Engine.ini]
[2020.03.03-00.37.59:728][  0]LogInit: Computer: LAPTOP-AF4B45ML
[2020.03.03-00.37.59:729][  0]LogInit: User: ayasj
[2020.03.03-00.37.59:729][  0]LogInit: CPU Page size=4096, Cores=4
[2020.03.03-00.37.59:729][  0]LogInit: High frequency timer resolution =10.000000 MHz
[2020.03.03-00.37.59:729][  0]LogMemory: Memory total: Physical=15.8GB (16GB approx) Virtual=4.0GB
[2020.03.03-00.37.59:729][  0]LogMemory: Platform Memory Stats for WindowsNoEditor
[2020.03.03-00.37.59:729][  0]LogMemory: Process Physical Memory: 48.13 MB used, 48.13 MB peak
[2020.03.03-00.37.59:729][  0]LogMemory: Process Virtual Memory: 61.09 MB used, 61.09 MB peak
[2020.03.03-00.37.59:729][  0]LogMemory: Physical Memory: 8779.65 MB used,  7413.59 MB free, 16193.24 MB total
[2020.03.03-00.37.59:729][  0]LogMemory: Virtual Memory: 268.88 MB used,  3827.00 MB free, 4095.88 MB total
[2020.03.03-00.37.59:736][  0]LogWindows: Failed to load '../../../Engine/Binaries/ThirdParty/PhysX3/Win32/VS2015/PxFoundationPROFILE_x86.dll' (GetLastError=126)
[2020.03.03-00.37.59:736][  0]LogWindows: File '../../../Engine/Binaries/ThirdParty/PhysX3/Win32/VS2015/PxFoundationPROFILE_x86.dll' does not exist
[2020.03.03-00.38.00:239][  0]LogWindows: Failed to load '../../../Engine/Binaries/ThirdParty/PhysX3/Win32/VS2015/PxFoundationPROFILE_x86.dll' (GetLastError=126)
[2020.03.03-00.38.00:239][  0]LogWindows: File '../../../Engine/Binaries/ThirdParty/PhysX3/Win32/VS2015/PxFoundationPROFILE_x86.dll' does not exist
[2020.03.03-00.38.00:740][  0]LogWindows: Failed to load '../../../Engine/Binaries/ThirdParty/PhysX3/Win32/VS2015/PxFoundationPROFILE_x86.dll' (GetLastError=126)
[2020.03.03-00.38.00:741][  0]LogWindows: File '../../../Engine/Binaries/ThirdParty/PhysX3/Win32/VS2015/PxFoundationPROFILE_x86.dll' does not exist
[2020.03.03-00.38.01:243][  0]LogWindows: Failed to load '../../../Engine/Binaries/ThirdParty/PhysX3/Win32/VS2015/PxFoundationPROFILE_x86.dll' (GetLastError=126)
[2020.03.03-00.38.01:243][  0]LogWindows: File '../../../Engine/Binaries/ThirdParty/PhysX3/Win32/VS2015/PxFoundationPROFILE_x86.dll' does not exist
[2020.03.03-00.38.01:745][  0]LogWindows: Failed to load '../../../Engine/Binaries/ThirdParty/PhysX3/Win32/VS2015/PxFoundationPROFILE_x86.dll' (GetLastError=126)
[2020.03.03-00.38.01:745][  0]LogWindows: File '../../../Engine/Binaries/ThirdParty/PhysX3/Win32/VS2015/PxFoundationPROFILE_x86.dll' does not exist
[2020.03.03-00.38.02:247][  0]LogWindows: Failed to load '../../../Engine/Binaries/ThirdParty/PhysX3/Win32/VS2015/PxFoundationPROFILE_x86.dll' (GetLastError=126)
[2020.03.03-00.38.02:247][  0]LogWindows: File '../../../Engine/Binaries/ThirdParty/PhysX3/Win32/VS2015/PxFoundationPROFILE_x86.dll' does not exist
[2020.03.03-00.38.02:247][  0]LogPhysics: Warning: Failed to load module '../../../Engine/Binaries/ThirdParty/PhysX3/Win32/VS2015/PxFoundationPROFILE_x86.dll'
[2020.03.03-00.38.02:247][  0]LogPhysics: Warning: 	Exists: false
[2020.03.03-00.38.02:247][  0]LogPhysics: Warning: 	FileSize: -1
[2020.03.03-00.38.02:247][  0]LogPhysics: Warning: 	Able to read: false
[2020.03.03-00.38.02:247][  0]LogPhysics: Warning: 	Library does not exist.
[2020.03.03-00.38.02:248][  0]LogWindows: Failed to load '../../../Engine/Binaries/ThirdParty/PhysX3/Win32/VS2015/PhysX3CommonPROFILE_x86.dll' (GetLastError=126)
[2020.03.03-00.38.02:248][  0]LogWindows: File '../../../Engine/Binaries/ThirdParty/PhysX3/Win32/VS2015/PhysX3CommonPROFILE_x86.dll' does not exist
[2020.03.03-00.38.02:750][  0]LogWindows: Failed to load '../../../Engine/Binaries/ThirdParty/PhysX3/Win32/VS2015/PhysX3CommonPROFILE_x86.dll' (GetLastError=126)
[2020.03.03-00.38.02:750][  0]LogWindows: File '../../../Engine/Binaries/ThirdParty/PhysX3/Win32/VS2015/PhysX3CommonPROFILE_x86.dll' does not exist
[2020.03.03-00.38.03:251][  0]LogWindows: Failed to load '../../../Engine/Binaries/ThirdParty/PhysX3/Win32/VS2015/PhysX3CommonPROFILE_x86.dll' (GetLastError=126)
[2020.03.03-00.38.03:252][  0]LogWindows: File '../../../Engine/Binaries/ThirdParty/PhysX3/Win32/VS2015/PhysX3CommonPROFILE_x86.dll' does not exist
[2020.03.03-00.38.03:754][  0]LogWindows: Failed to load '../../../Engine/Binaries/ThirdParty/PhysX3/Win32/VS2015/PhysX3CommonPROFILE_x86.dll' (GetLastError=126)
[2020.03.03-00.38.03:754][  0]LogWindows: File '../../../Engine/Binaries/ThirdParty/PhysX3/Win32/VS2015/PhysX3CommonPROFILE_x86.dll' does not exist
[2020.03.03-00.38.04:255][  0]LogWindows: Failed to load '../../../Engine/Binaries/ThirdParty/PhysX3/Win32/VS2015/PhysX3CommonPROFILE_x86.dll' (GetLastError=126)
[2020.03.03-00.38.04:255][  0]LogWindows: File '../../../Engine/Binaries/ThirdParty/PhysX3/Win32/VS2015/PhysX3CommonPROFILE_x86.dll' does not exist
[2020.03.03-00.38.04:757][  0]LogWindows: Failed to load '../../../Engine/Binaries/ThirdParty/PhysX3/Win32/VS2015/PhysX3CommonPROFILE_x86.dll' (GetLastError=126)
[2020.03.03-00.38.04:757][  0]LogWindows: File '../../../Engine/Binaries/ThirdParty/PhysX3/Win32/VS2015/PhysX3CommonPROFILE_x86.dll' does not exist
[2020.03.03-00.38.04:757][  0]LogPhysics: Warning: Failed to load module '../../../Engine/Binaries/ThirdParty/PhysX3/Win32/VS2015/PhysX3CommonPROFILE_x86.dll'
[2020.03.03-00.38.04:757][  0]LogPhysics: Warning: 	Exists: false
[2020.03.03-00.38.04:757][  0]LogPhysics: Warning: 	FileSize: -1
[2020.03.03-00.38.04:757][  0]LogPhysics: Warning: 	Able to read: false
[2020.03.03-00.38.04:757][  0]LogPhysics: Warning: 	Library does not exist.
[2020.03.03-00.38.04:759][  0]LogWindows: Failed to load '../../../Engine/Binaries/ThirdParty/PhysX3/Win32/VS2015/PxPvdSDKPROFILE_x86.dll' (GetLastError=126)
[2020.03.03-00.38.04:759][  0]LogWindows: File '../../../Engine/Binaries/ThirdParty/PhysX3/Win32/VS2015/PxPvdSDKPROFILE_x86.dll' does not exist
[2020.03.03-00.38.05:261][  0]LogWindows: Failed to load '../../../Engine/Binaries/ThirdParty/PhysX3/Win32/VS2015/PxPvdSDKPROFILE_x86.dll' (GetLastError=126)
[2020.03.03-00.38.05:261][  0]LogWindows: File '../../../Engine/Binaries/ThirdParty/PhysX3/Win32/VS2015/PxPvdSDKPROFILE_x86.dll' does not exist
[2020.03.03-00.38.05:763][  0]LogWindows: Failed to load '../../../Engine/Binaries/ThirdParty/PhysX3/Win32/VS2015/PxPvdSDKPROFILE_x86.dll' (GetLastError=126)
[2020.03.03-00.38.05:764][  0]LogWindows: File '../../../Engine/Binaries/ThirdParty/PhysX3/Win32/VS2015/PxPvdSDKPROFILE_x86.dll' does not exist
[2020.03.03-00.38.06:266][  0]LogWindows: Failed to load '../../../Engine/Binaries/ThirdParty/PhysX3/Win32/VS2015/PxPvdSDKPROFILE_x86.dll' (GetLastError=126)
[2020.03.03-00.38.06:266][  0]LogWindows: File '../../../Engine/Binaries/ThirdParty/PhysX3/Win32/VS2015/PxPvdSDKPROFILE_x86.dll' does not exist
[2020.03.03-00.38.06:768][  0]LogWindows: Failed to load '../../../Engine/Binaries/ThirdParty/PhysX3/Win32/VS2015/PxPvdSDKPROFILE_x86.dll' (GetLastError=126)
[2020.03.03-00.38.06:768][  0]LogWindows: File '../../../Engine/Binaries/ThirdParty/PhysX3/Win32/VS2015/PxPvdSDKPROFILE_x86.dll' does not exist
[2020.03.03-00.38.07:270][  0]LogWindows: Failed to load '../../../Engine/Binaries/ThirdParty/PhysX3/Win32/VS2015/PxPvdSDKPROFILE_x86.dll' (GetLastError=126)
[2020.03.03-00.38.07:270][  0]LogWindows: File '../../../Engine/Binaries/ThirdParty/PhysX3/Win32/VS2015/PxPvdSDKPROFILE_x86.dll' does not exist
[2020.03.03-00.38.07:270][  0]LogPhysics: Warning: Failed to load module '../../../Engine/Binaries/ThirdParty/PhysX3/Win32/VS2015/PxPvdSDKPROFILE_x86.dll'
[2020.03.03-00.38.07:270][  0]LogPhysics: Warning: 	Exists: false
[2020.03.03-00.38.07:270][  0]LogPhysics: Warning: 	FileSize: -1
[2020.03.03-00.38.07:270][  0]LogPhysics: Warning: 	Able to read: false
[2020.03.03-00.38.07:270][  0]LogPhysics: Warning: 	Library does not exist.
[2020.03.03-00.38.07:271][  0]LogWindows: Failed to load '../../../Engine/Binaries/ThirdParty/PhysX3/Win32/VS2015/PhysX3PROFILE_x86.dll' (GetLastError=126)
[2020.03.03-00.38.07:272][  0]LogWindows: File '../../../Engine/Binaries/ThirdParty/PhysX3/Win32/VS2015/PhysX3PROFILE_x86.dll' does not exist
[2020.03.03-00.38.07:774][  0]LogWindows: Failed to load '../../../Engine/Binaries/ThirdParty/PhysX3/Win32/VS2015/PhysX3PROFILE_x86.dll' (GetLastError=126)
[2020.03.03-00.38.07:774][  0]LogWindows: File '../../../Engine/Binaries/ThirdParty/PhysX3/Win32/VS2015/PhysX3PROFILE_x86.dll' does not exist
[2020.03.03-00.38.08:276][  0]LogWindows: Failed to load '../../../Engine/Binaries/ThirdParty/PhysX3/Win32/VS2015/PhysX3PROFILE_x86.dll' (GetLastError=126)
[2020.03.03-00.38.08:276][  0]LogWindows: File '../../../Engine/Binaries/ThirdParty/PhysX3/Win32/VS2015/PhysX3PROFILE_x86.dll' does not exist
[2020.03.03-00.38.08:777][  0]LogWindows: Failed to load '../../../Engine/Binaries/ThirdParty/PhysX3/Win32/VS2015/PhysX3PROFILE_x86.dll' (GetLastError=126)
[2020.03.03-00.38.08:778][  0]LogWindows: File '../../../Engine/Binaries/ThirdParty/PhysX3/Win32/VS2015/PhysX3PROFILE_x86.dll' does not exist
[2020.03.03-00.38.09:278][  0]LogWindows: Failed to load '../../../Engine/Binaries/ThirdParty/PhysX3/Win32/VS2015/PhysX3PROFILE_x86.dll' (GetLastError=126)
[2020.03.03-00.38.09:279][  0]LogWindows: File '../../../Engine/Binaries/ThirdParty/PhysX3/Win32/VS2015/PhysX3PROFILE_x86.dll' does not exist
[2020.03.03-00.38.09:781][  0]LogWindows: Failed to load '../../../Engine/Binaries/ThirdParty/PhysX3/Win32/VS2015/PhysX3PROFILE_x86.dll' (GetLastError=126)
[2020.03.03-00.38.09:781][  0]LogWindows: File '../../../Engine/Binaries/ThirdParty/PhysX3/Win32/VS2015/PhysX3PROFILE_x86.dll' does not exist
[2020.03.03-00.38.09:781][  0]LogPhysics: Warning: Failed to load module '../../../Engine/Binaries/ThirdParty/PhysX3/Win32/VS2015/PhysX3PROFILE_x86.dll'
[2020.03.03-00.38.09:781][  0]LogPhysics: Warning: 	Exists: false
[2020.03.03-00.38.09:781][  0]LogPhysics: Warning: 	FileSize: -1
[2020.03.03-00.38.09:781][  0]LogPhysics: Warning: 	Able to read: false
[2020.03.03-00.38.09:781][  0]LogPhysics: Warning: 	Library does not exist.
[2020.03.03-00.38.09:782][  0]LogWindows: Failed to load '../../../Engine/Binaries/ThirdParty/PhysX3/Win32/VS2015/APEXFrameworkPROFILE_x86.dll' (GetLastError=126)
[2020.03.03-00.38.09:782][  0]LogWindows: File '../../../Engine/Binaries/ThirdParty/PhysX3/Win32/VS2015/APEXFrameworkPROFILE_x86.dll' does not exist
[2020.03.03-00.38.10:284][  0]LogWindows: Failed to load '../../../Engine/Binaries/ThirdParty/PhysX3/Win32/VS2015/APEXFrameworkPROFILE_x86.dll' (GetLastError=126)
[2020.03.03-00.38.10:284][  0]LogWindows: File '../../../Engine/Binaries/ThirdParty/PhysX3/Win32/VS2015/APEXFrameworkPROFILE_x86.dll' does not exist
[2020.03.03-00.38.10:786][  0]LogWindows: Failed to load '../../../Engine/Binaries/ThirdParty/PhysX3/Win32/VS2015/APEXFrameworkPROFILE_x86.dll' (GetLastError=126)
[2020.03.03-00.38.10:786][  0]LogWindows: File '../../../Engine/Binaries/ThirdParty/PhysX3/Win32/VS2015/APEXFrameworkPROFILE_x86.dll' does not exist
[2020.03.03-00.38.11:288][  0]LogWindows: Failed to load '../../../Engine/Binaries/ThirdParty/PhysX3/Win32/VS2015/APEXFrameworkPROFILE_x86.dll' (GetLastError=126)
[2020.03.03-00.38.11:288][  0]LogWindows: File '../../../Engine/Binaries/ThirdParty/PhysX3/Win32/VS2015/APEXFrameworkPROFILE_x86.dll' does not exist
[2020.03.03-00.38.11:789][  0]LogWindows: Failed to load '../../../Engine/Binaries/ThirdParty/PhysX3/Win32/VS2015/APEXFrameworkPROFILE_x86.dll' (GetLastError=126)
[2020.03.03-00.38.11:790][  0]LogWindows: File '../../../Engine/Binaries/ThirdParty/PhysX3/Win32/VS2015/APEXFrameworkPROFILE_x86.dll' does not exist
[2020.03.03-00.38.12:291][  0]LogWindows: Failed to load '../../../Engine/Binaries/ThirdParty/PhysX3/Win32/VS2015/APEXFrameworkPROFILE_x86.dll' (GetLastError=126)
[2020.03.03-00.38.12:291][  0]LogWindows: File '../../../Engine/Binaries/ThirdParty/PhysX3/Win32/VS2015/APEXFrameworkPROFILE_x86.dll' does not exist
[2020.03.03-00.38.12:292][  0]LogPhysics: Warning: Failed to load module '../../../Engine/Binaries/ThirdParty/PhysX3/Win32/VS2015/APEXFrameworkPROFILE_x86.dll'
[2020.03.03-00.38.12:292][  0]LogPhysics: Warning: 	Exists: false
[2020.03.03-00.38.12:292][  0]LogPhysics: Warning: 	FileSize: -1
[2020.03.03-00.38.12:292][  0]LogPhysics: Warning: 	Able to read: false
[2020.03.03-00.38.12:292][  0]LogPhysics: Warning: 	Library does not exist.
[2020.03.03-00.38.12:294][  0]LogWindows: Failed to load '../../../Engine/Binaries/ThirdParty/PhysX3/Win32/VS2015/APEX_LegacyPROFILE_x86.dll' (GetLastError=126)
[2020.03.03-00.38.12:294][  0]LogWindows: File '../../../Engine/Binaries/ThirdParty/PhysX3/Win32/VS2015/APEX_LegacyPROFILE_x86.dll' does not exist
[2020.03.03-00.38.12:796][  0]LogWindows: Failed to load '../../../Engine/Binaries/ThirdParty/PhysX3/Win32/VS2015/APEX_LegacyPROFILE_x86.dll' (GetLastError=126)
[2020.03.03-00.38.12:797][  0]LogWindows: File '../../../Engine/Binaries/ThirdParty/PhysX3/Win32/VS2015/APEX_LegacyPROFILE_x86.dll' does not exist
[2020.03.03-00.38.13:299][  0]LogWindows: Failed to load '../../../Engine/Binaries/ThirdParty/PhysX3/Win32/VS2015/APEX_LegacyPROFILE_x86.dll' (GetLastError=126)
[2020.03.03-00.38.13:299][  0]LogWindows: File '../../../Engine/Binaries/ThirdParty/PhysX3/Win32/VS2015/APEX_LegacyPROFILE_x86.dll' does not exist
[2020.03.03-00.38.13:801][  0]LogWindows: Failed to load '../../../Engine/Binaries/ThirdParty/PhysX3/Win32/VS2015/APEX_LegacyPROFILE_x86.dll' (GetLastError=126)
[2020.03.03-00.38.13:801][  0]LogWindows: File '../../../Engine/Binaries/ThirdParty/PhysX3/Win32/VS2015/APEX_LegacyPROFILE_x86.dll' does not exist
[2020.03.03-00.38.14:303][  0]LogWindows: Failed to load '../../../Engine/Binaries/ThirdParty/PhysX3/Win32/VS2015/APEX_LegacyPROFILE_x86.dll' (GetLastError=126)
[2020.03.03-00.38.14:303][  0]LogWindows: File '../../../Engine/Binaries/ThirdParty/PhysX3/Win32/VS2015/APEX_LegacyPROFILE_x86.dll' does not exist
[2020.03.03-00.38.14:805][  0]LogWindows: Failed to load '../../../Engine/Binaries/ThirdParty/PhysX3/Win32/VS2015/APEX_LegacyPROFILE_x86.dll' (GetLastError=126)
[2020.03.03-00.38.14:805][  0]LogWindows: File '../../../Engine/Binaries/ThirdParty/PhysX3/Win32/VS2015/APEX_LegacyPROFILE_x86.dll' does not exist
[2020.03.03-00.38.14:805][  0]LogPhysics: Warning: Failed to load module '../../../Engine/Binaries/ThirdParty/PhysX3/Win32/VS2015/APEX_LegacyPROFILE_x86.dll'
[2020.03.03-00.38.14:805][  0]LogPhysics: Warning: 	Exists: false
[2020.03.03-00.38.14:805][  0]LogPhysics: Warning: 	FileSize: -1
[2020.03.03-00.38.14:805][  0]LogPhysics: Warning: 	Able to read: false
[2020.03.03-00.38.14:805][  0]LogPhysics: Warning: 	Library does not exist.
[2020.03.03-00.38.14:806][  0]LogWindows: Failed to load '../../../Engine/Binaries/ThirdParty/PhysX3/Win32/VS2015/APEX_ClothingPROFILE_x86.dll' (GetLastError=126)
[2020.03.03-00.38.14:806][  0]LogWindows: File '../../../Engine/Binaries/ThirdParty/PhysX3/Win32/VS2015/APEX_ClothingPROFILE_x86.dll' does not exist
[2020.03.03-00.38.15:307][  0]LogWindows: Failed to load '../../../Engine/Binaries/ThirdParty/PhysX3/Win32/VS2015/APEX_ClothingPROFILE_x86.dll' (GetLastError=126)
[2020.03.03-00.38.15:308][  0]LogWindows: File '../../../Engine/Binaries/ThirdParty/PhysX3/Win32/VS2015/APEX_ClothingPROFILE_x86.dll' does not exist
[2020.03.03-00.38.15:811][  0]LogWindows: Failed to load '../../../Engine/Binaries/ThirdParty/PhysX3/Win32/VS2015/APEX_ClothingPROFILE_x86.dll' (GetLastError=126)
[2020.03.03-00.38.15:811][  0]LogWindows: File '../../../Engine/Binaries/ThirdParty/PhysX3/Win32/VS2015/APEX_ClothingPROFILE_x86.dll' does not exist
[2020.03.03-00.38.16:313][  0]LogWindows: Failed to load '../../../Engine/Binaries/ThirdParty/PhysX3/Win32/VS2015/APEX_ClothingPROFILE_x86.dll' (GetLastError=126)
[2020.03.03-00.38.16:313][  0]LogWindows: File '../../../Engine/Binaries/ThirdParty/PhysX3/Win32/VS2015/APEX_ClothingPROFILE_x86.dll' does not exist
[2020.03.03-00.38.16:815][  0]LogWindows: Failed to load '../../../Engine/Binaries/ThirdParty/PhysX3/Win32/VS2015/APEX_ClothingPROFILE_x86.dll' (GetLastError=126)
[2020.03.03-00.38.16:815][  0]LogWindows: File '../../../Engine/Binaries/ThirdParty/PhysX3/Win32/VS2015/APEX_ClothingPROFILE_x86.dll' does not exist
[2020.03.03-00.38.17:316][  0]LogWindows: Failed to load '../../../Engine/Binaries/ThirdParty/PhysX3/Win32/VS2015/APEX_ClothingPROFILE_x86.dll' (GetLastError=126)
[2020.03.03-00.38.17:317][  0]LogWindows: File '../../../Engine/Binaries/ThirdParty/PhysX3/Win32/VS2015/APEX_ClothingPROFILE_x86.dll' does not exist
[2020.03.03-00.38.17:317][  0]LogPhysics: Warning: Failed to load module '../../../Engine/Binaries/ThirdParty/PhysX3/Win32/VS2015/APEX_ClothingPROFILE_x86.dll'
[2020.03.03-00.38.17:317][  0]LogPhysics: Warning: 	Exists: false
[2020.03.03-00.38.17:317][  0]LogPhysics: Warning: 	FileSize: -1
[2020.03.03-00.38.17:317][  0]LogPhysics: Warning: 	Able to read: false
[2020.03.03-00.38.17:317][  0]LogPhysics: Warning: 	Library does not exist.
[2020.03.03-00.38.17:317][  0]LogExit: Preparing to exit.
[2020.03.03-00.38.17:318][  0]LogUObjectArray: 1723 objects as part of root set at end of initial load.
[2020.03.03-00.38.17:318][  0]LogUObjectAllocator: 9880 out of 0 bytes used by permanent object pool.
[2020.03.03-00.38.17:318][  0]LogUObjectArray: CloseDisregardForGC: 1801/0 objects in disregard for GC pool
[2020.03.03-00.38.17:320][  0]LogExit: Object subsystem successfully closed.
[2020.03.03-00.38.17:322][  0]LogModuleManager: Shutting down and abandoning module SteamVR (50)
[2020.03.03-00.38.17:322][  0]LogModuleManager: Shutting down and abandoning module OculusHMD (48)
[2020.03.03-00.38.17:322][  0]LogModuleManager: Shutting down and abandoning module ExampleDeviceProfileSelector (46)
[2020.03.03-00.38.17:322][  0]LogModuleManager: Shutting down and abandoning module LauncherChunkInstaller (44)
[2020.03.03-00.38.17:322][  0]LogModuleManager: Shutting down and abandoning module OnlineSubsystem (40)
[2020.03.03-00.38.17:322][  0]LogModuleManager: Shutting down and abandoning module HTTP (35)
[2020.03.03-00.38.17:329][  0]LogModuleManager: Shutting down and abandoning module SSL (34)
[2020.03.03-00.38.17:330][  0]LogModuleManager: Shutting down and abandoning module DatasmithContent (30)
[2020.03.03-00.38.17:330][  0]LogModuleManager: Shutting down and abandoning module ShaderCore (28)
[2020.03.03-00.38.17:330][  0]LogModuleManager: Shutting down and abandoning module Landscape (26)
[2020.03.03-00.38.17:330][  0]LogModuleManager: Shutting down and abandoning module SlateRHIRenderer (24)
[2020.03.03-00.38.17:330][  0]LogModuleManager: Shutting down and abandoning module OpenGLDrv (22)
[2020.03.03-00.38.17:330][  0]LogModuleManager: Shutting down and abandoning module D3D11RHI (20)
[2020.03.03-00.38.17:330][  0]LogModuleManager: Shutting down and abandoning module AnimGraphRuntime (18)
[2020.03.03-00.38.17:330][  0]LogModuleManager: Shutting down and abandoning module Renderer (16)
[2020.03.03-00.38.17:330][  0]LogModuleManager: Shutting down and abandoning module Engine (14)
[2020.03.03-00.38.17:330][  0]LogModuleManager: Shutting down and abandoning module CoreUObject (12)
[2020.03.03-00.38.17:330][  0]LogModuleManager: Shutting down and abandoning module NetworkFile (10)
[2020.03.03-00.38.17:330][  0]LogModuleManager: Shutting down and abandoning module CookedIterativeFile (8)
[2020.03.03-00.38.17:330][  0]LogModuleManager: Shutting down and abandoning module StreamingFile (6)
[2020.03.03-00.38.17:330][  0]LogModuleManager: Shutting down and abandoning module SandboxFile (4)
[2020.03.03-00.38.17:330][  0]LogModuleManager: Shutting down and abandoning module PakFile (2)
[2020.03.03-00.38.17:332][  0]LogExit: Exiting.
[2020.03.03-00.38.17:337][  0]Log file closed, 03/03/20 11:38:17
